<?xml version="1.0" encoding="UTF-8"?>
<testsuites tests="404" failures="0" disabled="0" errors="0" time="195.221" timestamp="2392-07-09T13:17:42.032" name="AllTests">
  <testsuite name="AudioRendererTest" tests="4" failures="0" disabled="0" skipped="0" errors="0" time="0.034" timestamp="2392-07-09T13:17:42.037">
    <testcase name="SunnyDay" file="../../starboard/shared/starboard/player/filter/testing/audio_renderer_internal_test.cc" line="304" status="run" result="completed" time="0.006" timestamp="2392-07-09T13:17:42.038" classname="AudioRendererTest" />
    <testcase name="DecoderReturnsEOSWithoutAnyData" file="../../starboard/shared/starboard/player/filter/testing/audio_renderer_internal_test.cc" line="536" status="run" result="completed" time="0.004" timestamp="2392-07-09T13:17:42.047" classname="AudioRendererTest" />
    <testcase name="MoreNumberOfOutputBuffersThanInputBuffers" file="../../starboard/shared/starboard/player/filter/testing/audio_renderer_internal_test.cc" line="630" status="run" result="completed" time="0.006" timestamp="2392-07-09T13:17:42.054" classname="AudioRendererTest" />
    <testcase name="Seek" file="../../starboard/shared/starboard/player/filter/testing/audio_renderer_internal_test.cc" line="813" status="run" result="completed" time="0.008" timestamp="2392-07-09T13:17:42.063" classname="AudioRendererTest" />
  </testsuite>
  <testsuite name="MediaTimeProviderImplTest" tests="4" failures="0" disabled="0" skipped="0" errors="0" time="0.009" timestamp="2392-07-09T13:17:42.074">
    <testcase name="DefaultStates" file="../../starboard/shared/starboard/player/filter/testing/media_time_provider_impl_test.cc" line="96" status="run" result="completed" time="0" timestamp="2392-07-09T13:17:42.075" classname="MediaTimeProviderImplTest" />
    <testcase name="GetCurrentMediaTimeWhilePlaying" file="../../starboard/shared/starboard/player/filter/testing/media_time_provider_impl_test.cc" line="124" status="run" result="completed" time="0" timestamp="2392-07-09T13:17:42.078" classname="MediaTimeProviderImplTest" />
    <testcase name="SeekWhileNotPlaying" file="../../starboard/shared/starboard/player/filter/testing/media_time_provider_impl_test.cc" line="181" status="run" result="completed" time="0" timestamp="2392-07-09T13:17:42.080" classname="MediaTimeProviderImplTest" />
    <testcase name="SeekBackwardWhilePlaying" file="../../starboard/shared/starboard/player/filter/testing/media_time_provider_impl_test.cc" line="233" status="run" result="completed" time="0" timestamp="2392-07-09T13:17:42.083" classname="MediaTimeProviderImplTest" />
  </testsuite>
  <testsuite name="VideoFrameCadencePatternGeneratorTest" tests="3" failures="0" disabled="0" skipped="0" errors="0" time="0.111" timestamp="2392-07-09T13:17:42.086">
    <testcase name="120fpsFrameRateOn60fpsRefreshRate" file="../../starboard/shared/starboard/player/filter/testing/video_frame_cadence_pattern_generator_test.cc" line="29" status="run" result="completed" time="0.027" timestamp="2392-07-09T13:17:42.087" classname="VideoFrameCadencePatternGeneratorTest" />
    <testcase name="30fpsFrameRateOn60fpsRefreshRate" file="../../starboard/shared/starboard/player/filter/testing/video_frame_cadence_pattern_generator_test.cc" line="53" status="run" result="completed" time="0.014" timestamp="2392-07-09T13:17:42.117" classname="VideoFrameCadencePatternGeneratorTest" />
    <testcase name="25fpsFrameRateOn60fpsRefreshRate" file="../../starboard/shared/starboard/player/filter/testing/video_frame_cadence_pattern_generator_test.cc" line="75" status="run" result="completed" time="0.062" timestamp="2392-07-09T13:17:42.134" classname="VideoFrameCadencePatternGeneratorTest" />
  </testsuite>
  <testsuite name="VideoFrameRateEstimatorTest" tests="7" failures="0" disabled="0" skipped="0" errors="0" time="0.022" timestamp="2392-07-09T13:17:42.200">
    <testcase name="Default" file="../../starboard/shared/starboard/player/filter/testing/video_frame_rate_estimator_test.cc" line="61" status="run" result="completed" time="0" timestamp="2392-07-09T13:17:42.201" classname="VideoFrameRateEstimatorTest" />
    <testcase name="TwoFrames" file="../../starboard/shared/starboard/player/filter/testing/video_frame_rate_estimator_test.cc" line="77" status="run" result="completed" time="0" timestamp="2392-07-09T13:17:42.203" classname="VideoFrameRateEstimatorTest" />
    <testcase name="Imperfect30fps" file="../../starboard/shared/starboard/player/filter/testing/video_frame_rate_estimator_test.cc" line="93" status="run" result="completed" time="0" timestamp="2392-07-09T13:17:42.205" classname="VideoFrameRateEstimatorTest" />
    <testcase name="60fpsStartedFromNonZero" file="../../starboard/shared/starboard/player/filter/testing/video_frame_rate_estimator_test.cc" line="109" status="run" result="completed" time="0" timestamp="2392-07-09T13:17:42.207" classname="VideoFrameRateEstimatorTest" />
    <testcase name="30fpsTo60fpsTransitionWithOneFrame" file="../../starboard/shared/starboard/player/filter/testing/video_frame_rate_estimator_test.cc" line="141" status="run" result="completed" time="0.001" timestamp="2392-07-09T13:17:42.210" classname="VideoFrameRateEstimatorTest" />
    <testcase name="30fpsTo60fpsTransitionWithMultipleFrames" file="../../starboard/shared/starboard/player/filter/testing/video_frame_rate_estimator_test.cc" line="176" status="run" result="completed" time="0.002" timestamp="2392-07-09T13:17:42.213" classname="VideoFrameRateEstimatorTest" />
    <testcase name="EndOfStream" file="../../starboard/shared/starboard/player/filter/testing/video_frame_rate_estimator_test.cc" line="213" status="run" result="completed" time="0.003" timestamp="2392-07-09T13:17:42.218" classname="VideoFrameRateEstimatorTest" />
  </testsuite>
  <testsuite name="AdaptiveAudioDecoderTests/AdaptiveAudioDecoderTest" tests="80" failures="0" disabled="0" skipped="0" errors="0" time="3.748" timestamp="2392-07-09T13:17:42.224">
    <testcase name="SingleInput/beneath_the_canopy_aac_stereo_dmp__to__beneath_the_canopy_aac_stereo_dmp__stub" value_param="({ 0x29cd365daa pointing to &quot;beneath_the_canopy_aac_stereo.dmp&quot;, 0x29cd365daa pointing to &quot;beneath_the_canopy_aac_stereo.dmp&quot; }, true)" file="../../starboard/shared/starboard/player/filter/testing/adaptive_audio_decoder_test.cc" line="293" status="run" result="completed" time="0.027" timestamp="2392-07-09T13:17:42.226" classname="AdaptiveAudioDecoderTests/AdaptiveAudioDecoderTest" />
    <testcase name="SingleInput/beneath_the_canopy_aac_stereo_dmp__to__beneath_the_canopy_aac_5_1_dmp__stub" value_param="({ 0x29cd365daa pointing to &quot;beneath_the_canopy_aac_stereo.dmp&quot;, 0x29cd360ee1 pointing to &quot;beneath_the_canopy_aac_5_1.dmp&quot; }, true)" file="../../starboard/shared/starboard/player/filter/testing/adaptive_audio_decoder_test.cc" line="293" status="run" result="completed" time="0.028" timestamp="2392-07-09T13:17:42.255" classname="AdaptiveAudioDecoderTests/AdaptiveAudioDecoderTest" />
    <testcase name="SingleInput/beneath_the_canopy_aac_stereo_dmp__to__beneath_the_canopy_aac_mono_dmp__stub" value_param="({ 0x29cd365daa pointing to &quot;beneath_the_canopy_aac_stereo.dmp&quot;, 0x29cd370a7a pointing to &quot;beneath_the_canopy_aac_mono.dmp&quot; }, true)" file="../../starboard/shared/starboard/player/filter/testing/adaptive_audio_decoder_test.cc" line="293" status="run" result="completed" time="0.027" timestamp="2392-07-09T13:17:42.286" classname="AdaptiveAudioDecoderTests/AdaptiveAudioDecoderTest" />
    <testcase name="SingleInput/beneath_the_canopy_aac_stereo_dmp__to__beneath_the_canopy_opus_5_1_dmp__stub" value_param="({ 0x29cd365daa pointing to &quot;beneath_the_canopy_aac_stereo.dmp&quot;, 0x29cd35f778 pointing to &quot;beneath_the_canopy_opus_5_1.dmp&quot; }, true)" file="../../starboard/shared/starboard/player/filter/testing/adaptive_audio_decoder_test.cc" line="293" status="run" result="completed" time="0.026" timestamp="2392-07-09T13:17:42.316" classname="AdaptiveAudioDecoderTests/AdaptiveAudioDecoderTest" />
    <testcase name="SingleInput/beneath_the_canopy_aac_stereo_dmp__to__beneath_the_canopy_opus_stereo_dmp__stub" value_param="({ 0x29cd365daa pointing to &quot;beneath_the_canopy_aac_stereo.dmp&quot;, 0x29cd35b5ab pointing to &quot;beneath_the_canopy_opus_stereo.dmp&quot; }, true)" file="../../starboard/shared/starboard/player/filter/testing/adaptive_audio_decoder_test.cc" line="293" status="run" result="completed" time="0.024" timestamp="2392-07-09T13:17:42.344" classname="AdaptiveAudioDecoderTests/AdaptiveAudioDecoderTest" />
    <testcase name="SingleInput/beneath_the_canopy_aac_stereo_dmp__to__beneath_the_canopy_opus_mono_dmp__stub" value_param="({ 0x29cd365daa pointing to &quot;beneath_the_canopy_aac_stereo.dmp&quot;, 0x29cd36a9bd pointing to &quot;beneath_the_canopy_opus_mono.dmp&quot; }, true)" file="../../starboard/shared/starboard/player/filter/testing/adaptive_audio_decoder_test.cc" line="293" status="run" result="completed" time="0.024" timestamp="2392-07-09T13:17:42.371" classname="AdaptiveAudioDecoderTests/AdaptiveAudioDecoderTest" />
    <testcase name="SingleInput/beneath_the_canopy_aac_5_1_dmp__to__beneath_the_canopy_aac_stereo_dmp__stub" value_param="({ 0x29cd360ee1 pointing to &quot;beneath_the_canopy_aac_5_1.dmp&quot;, 0x29cd365daa pointing to &quot;beneath_the_canopy_aac_stereo.dmp&quot; }, true)" file="../../starboard/shared/starboard/player/filter/testing/adaptive_audio_decoder_test.cc" line="293" status="run" result="completed" time="0.025" timestamp="2392-07-09T13:17:42.397" classname="AdaptiveAudioDecoderTests/AdaptiveAudioDecoderTest" />
    <testcase name="SingleInput/beneath_the_canopy_aac_5_1_dmp__to__beneath_the_canopy_aac_5_1_dmp__stub" value_param="({ 0x29cd360ee1 pointing to &quot;beneath_the_canopy_aac_5_1.dmp&quot;, 0x29cd360ee1 pointing to &quot;beneath_the_canopy_aac_5_1.dmp&quot; }, true)" file="../../starboard/shared/starboard/player/filter/testing/adaptive_audio_decoder_test.cc" line="293" status="run" result="completed" time="0.024" timestamp="2392-07-09T13:17:42.425" classname="AdaptiveAudioDecoderTests/AdaptiveAudioDecoderTest" />
    <testcase name="SingleInput/beneath_the_canopy_aac_5_1_dmp__to__beneath_the_canopy_aac_mono_dmp__stub" value_param="({ 0x29cd360ee1 pointing to &quot;beneath_the_canopy_aac_5_1.dmp&quot;, 0x29cd370a7a pointing to &quot;beneath_the_canopy_aac_mono.dmp&quot; }, true)" file="../../starboard/shared/starboard/player/filter/testing/adaptive_audio_decoder_test.cc" line="293" status="run" result="completed" time="0.025" timestamp="2392-07-09T13:17:42.452" classname="AdaptiveAudioDecoderTests/AdaptiveAudioDecoderTest" />
    <testcase name="SingleInput/beneath_the_canopy_aac_5_1_dmp__to__beneath_the_canopy_opus_5_1_dmp__stub" value_param="({ 0x29cd360ee1 pointing to &quot;beneath_the_canopy_aac_5_1.dmp&quot;, 0x29cd35f778 pointing to &quot;beneath_the_canopy_opus_5_1.dmp&quot; }, true)" file="../../starboard/shared/starboard/player/filter/testing/adaptive_audio_decoder_test.cc" line="293" status="run" result="completed" time="0.024" timestamp="2392-07-09T13:17:42.479" classname="AdaptiveAudioDecoderTests/AdaptiveAudioDecoderTest" />
    <testcase name="SingleInput/beneath_the_canopy_aac_5_1_dmp__to__beneath_the_canopy_opus_stereo_dmp__stub" value_param="({ 0x29cd360ee1 pointing to &quot;beneath_the_canopy_aac_5_1.dmp&quot;, 0x29cd35b5ab pointing to &quot;beneath_the_canopy_opus_stereo.dmp&quot; }, true)" file="../../starboard/shared/starboard/player/filter/testing/adaptive_audio_decoder_test.cc" line="293" status="run" result="completed" time="0.023" timestamp="2392-07-09T13:17:42.506" classname="AdaptiveAudioDecoderTests/AdaptiveAudioDecoderTest" />
    <testcase name="SingleInput/beneath_the_canopy_aac_5_1_dmp__to__beneath_the_canopy_opus_mono_dmp__stub" value_param="({ 0x29cd360ee1 pointing to &quot;beneath_the_canopy_aac_5_1.dmp&quot;, 0x29cd36a9bd pointing to &quot;beneath_the_canopy_opus_mono.dmp&quot; }, true)" file="../../starboard/shared/starboard/player/filter/testing/adaptive_audio_decoder_test.cc" line="293" status="run" result="completed" time="0.024" timestamp="2392-07-09T13:17:42.533" classname="AdaptiveAudioDecoderTests/AdaptiveAudioDecoderTest" />
    <testcase name="SingleInput/beneath_the_canopy_aac_mono_dmp__to__beneath_the_canopy_aac_stereo_dmp__stub" value_param="({ 0x29cd370a7a pointing to &quot;beneath_the_canopy_aac_mono.dmp&quot;, 0x29cd365daa pointing to &quot;beneath_the_canopy_aac_stereo.dmp&quot; }, true)" file="../../starboard/shared/starboard/player/filter/testing/adaptive_audio_decoder_test.cc" line="293" status="run" result="completed" time="0.024" timestamp="2392-07-09T13:17:42.559" classname="AdaptiveAudioDecoderTests/AdaptiveAudioDecoderTest" />
    <testcase name="SingleInput/beneath_the_canopy_aac_mono_dmp__to__beneath_the_canopy_aac_5_1_dmp__stub" value_param="({ 0x29cd370a7a pointing to &quot;beneath_the_canopy_aac_mono.dmp&quot;, 0x29cd360ee1 pointing to &quot;beneath_the_canopy_aac_5_1.dmp&quot; }, true)" file="../../starboard/shared/starboard/player/filter/testing/adaptive_audio_decoder_test.cc" line="293" status="run" result="completed" time="0.026" timestamp="2392-07-09T13:17:42.587" classname="AdaptiveAudioDecoderTests/AdaptiveAudioDecoderTest" />
    <testcase name="SingleInput/beneath_the_canopy_aac_mono_dmp__to__beneath_the_canopy_aac_mono_dmp__stub" value_param="({ 0x29cd370a7a pointing to &quot;beneath_the_canopy_aac_mono.dmp&quot;, 0x29cd370a7a pointing to &quot;beneath_the_canopy_aac_mono.dmp&quot; }, true)" file="../../starboard/shared/starboard/player/filter/testing/adaptive_audio_decoder_test.cc" line="293" status="run" result="completed" time="0.024" timestamp="2392-07-09T13:17:42.615" classname="AdaptiveAudioDecoderTests/AdaptiveAudioDecoderTest" />
    <testcase name="SingleInput/beneath_the_canopy_aac_mono_dmp__to__beneath_the_canopy_opus_5_1_dmp__stub" value_param="({ 0x29cd370a7a pointing to &quot;beneath_the_canopy_aac_mono.dmp&quot;, 0x29cd35f778 pointing to &quot;beneath_the_canopy_opus_5_1.dmp&quot; }, true)" file="../../starboard/shared/starboard/player/filter/testing/adaptive_audio_decoder_test.cc" line="293" status="run" result="completed" time="0.026" timestamp="2392-07-09T13:17:42.642" classname="AdaptiveAudioDecoderTests/AdaptiveAudioDecoderTest" />
    <testcase name="SingleInput/beneath_the_canopy_aac_mono_dmp__to__beneath_the_canopy_opus_stereo_dmp__stub" value_param="({ 0x29cd370a7a pointing to &quot;beneath_the_canopy_aac_mono.dmp&quot;, 0x29cd35b5ab pointing to &quot;beneath_the_canopy_opus_stereo.dmp&quot; }, true)" file="../../starboard/shared/starboard/player/filter/testing/adaptive_audio_decoder_test.cc" line="293" status="run" result="completed" time="0.025" timestamp="2392-07-09T13:17:42.671" classname="AdaptiveAudioDecoderTests/AdaptiveAudioDecoderTest" />
    <testcase name="SingleInput/beneath_the_canopy_aac_mono_dmp__to__beneath_the_canopy_opus_mono_dmp__stub" value_param="({ 0x29cd370a7a pointing to &quot;beneath_the_canopy_aac_mono.dmp&quot;, 0x29cd36a9bd pointing to &quot;beneath_the_canopy_opus_mono.dmp&quot; }, true)" file="../../starboard/shared/starboard/player/filter/testing/adaptive_audio_decoder_test.cc" line="293" status="run" result="completed" time="0.025" timestamp="2392-07-09T13:17:42.699" classname="AdaptiveAudioDecoderTests/AdaptiveAudioDecoderTest" />
    <testcase name="SingleInput/beneath_the_canopy_opus_5_1_dmp__to__beneath_the_canopy_aac_stereo_dmp__stub" value_param="({ 0x29cd35f778 pointing to &quot;beneath_the_canopy_opus_5_1.dmp&quot;, 0x29cd365daa pointing to &quot;beneath_the_canopy_aac_stereo.dmp&quot; }, true)" file="../../starboard/shared/starboard/player/filter/testing/adaptive_audio_decoder_test.cc" line="293" status="run" result="completed" time="0.025" timestamp="2392-07-09T13:17:42.727" classname="AdaptiveAudioDecoderTests/AdaptiveAudioDecoderTest" />
    <testcase name="SingleInput/beneath_the_canopy_opus_5_1_dmp__to__beneath_the_canopy_aac_5_1_dmp__stub" value_param="({ 0x29cd35f778 pointing to &quot;beneath_the_canopy_opus_5_1.dmp&quot;, 0x29cd360ee1 pointing to &quot;beneath_the_canopy_aac_5_1.dmp&quot; }, true)" file="../../starboard/shared/starboard/player/filter/testing/adaptive_audio_decoder_test.cc" line="293" status="run" result="completed" time="0.027" timestamp="2392-07-09T13:17:42.755" classname="AdaptiveAudioDecoderTests/AdaptiveAudioDecoderTest" />
    <testcase name="SingleInput/beneath_the_canopy_opus_5_1_dmp__to__beneath_the_canopy_aac_mono_dmp__stub" value_param="({ 0x29cd35f778 pointing to &quot;beneath_the_canopy_opus_5_1.dmp&quot;, 0x29cd370a7a pointing to &quot;beneath_the_canopy_aac_mono.dmp&quot; }, true)" file="../../starboard/shared/starboard/player/filter/testing/adaptive_audio_decoder_test.cc" line="293" status="run" result="completed" time="0.028" timestamp="2392-07-09T13:17:42.785" classname="AdaptiveAudioDecoderTests/AdaptiveAudioDecoderTest" />
    <testcase name="SingleInput/beneath_the_canopy_opus_5_1_dmp__to__beneath_the_canopy_opus_5_1_dmp__stub" value_param="({ 0x29cd35f778 pointing to &quot;beneath_the_canopy_opus_5_1.dmp&quot;, 0x29cd35f778 pointing to &quot;beneath_the_canopy_opus_5_1.dmp&quot; }, true)" file="../../starboard/shared/starboard/player/filter/testing/adaptive_audio_decoder_test.cc" line="293" status="run" result="completed" time="0.023" timestamp="2392-07-09T13:17:42.816" classname="AdaptiveAudioDecoderTests/AdaptiveAudioDecoderTest" />
    <testcase name="SingleInput/beneath_the_canopy_opus_5_1_dmp__to__beneath_the_canopy_opus_stereo_dmp__stub" value_param="({ 0x29cd35f778 pointing to &quot;beneath_the_canopy_opus_5_1.dmp&quot;, 0x29cd35b5ab pointing to &quot;beneath_the_canopy_opus_stereo.dmp&quot; }, true)" file="../../starboard/shared/starboard/player/filter/testing/adaptive_audio_decoder_test.cc" line="293" status="run" result="completed" time="0.025" timestamp="2392-07-09T13:17:42.842" classname="AdaptiveAudioDecoderTests/AdaptiveAudioDecoderTest" />
    <testcase name="SingleInput/beneath_the_canopy_opus_5_1_dmp__to__beneath_the_canopy_opus_mono_dmp__stub" value_param="({ 0x29cd35f778 pointing to &quot;beneath_the_canopy_opus_5_1.dmp&quot;, 0x29cd36a9bd pointing to &quot;beneath_the_canopy_opus_mono.dmp&quot; }, true)" file="../../starboard/shared/starboard/player/filter/testing/adaptive_audio_decoder_test.cc" line="293" status="run" result="completed" time="0.026" timestamp="2392-07-09T13:17:42.870" classname="AdaptiveAudioDecoderTests/AdaptiveAudioDecoderTest" />
    <testcase name="SingleInput/beneath_the_canopy_opus_stereo_dmp__to__beneath_the_canopy_aac_stereo_dmp__stub" value_param="({ 0x29cd35b5ab pointing to &quot;beneath_the_canopy_opus_stereo.dmp&quot;, 0x29cd365daa pointing to &quot;beneath_the_canopy_aac_stereo.dmp&quot; }, true)" file="../../starboard/shared/starboard/player/filter/testing/adaptive_audio_decoder_test.cc" line="293" status="run" result="completed" time="0.027" timestamp="2392-07-09T13:17:42.898" classname="AdaptiveAudioDecoderTests/AdaptiveAudioDecoderTest" />
    <testcase name="SingleInput/beneath_the_canopy_opus_stereo_dmp__to__beneath_the_canopy_aac_5_1_dmp__stub" value_param="({ 0x29cd35b5ab pointing to &quot;beneath_the_canopy_opus_stereo.dmp&quot;, 0x29cd360ee1 pointing to &quot;beneath_the_canopy_aac_5_1.dmp&quot; }, true)" file="../../starboard/shared/starboard/player/filter/testing/adaptive_audio_decoder_test.cc" line="293" status="run" result="completed" time="0.029" timestamp="2392-07-09T13:17:42.928" classname="AdaptiveAudioDecoderTests/AdaptiveAudioDecoderTest" />
    <testcase name="SingleInput/beneath_the_canopy_opus_stereo_dmp__to__beneath_the_canopy_aac_mono_dmp__stub" value_param="({ 0x29cd35b5ab pointing to &quot;beneath_the_canopy_opus_stereo.dmp&quot;, 0x29cd370a7a pointing to &quot;beneath_the_canopy_aac_mono.dmp&quot; }, true)" file="../../starboard/shared/starboard/player/filter/testing/adaptive_audio_decoder_test.cc" line="293" status="run" result="completed" time="0.027" timestamp="2392-07-09T13:17:42.960" classname="AdaptiveAudioDecoderTests/AdaptiveAudioDecoderTest" />
    <testcase name="SingleInput/beneath_the_canopy_opus_stereo_dmp__to__beneath_the_canopy_opus_5_1_dmp__stub" value_param="({ 0x29cd35b5ab pointing to &quot;beneath_the_canopy_opus_stereo.dmp&quot;, 0x29cd35f778 pointing to &quot;beneath_the_canopy_opus_5_1.dmp&quot; }, true)" file="../../starboard/shared/starboard/player/filter/testing/adaptive_audio_decoder_test.cc" line="293" status="run" result="completed" time="0.03" timestamp="2392-07-09T13:17:42.990" classname="AdaptiveAudioDecoderTests/AdaptiveAudioDecoderTest" />
    <testcase name="SingleInput/beneath_the_canopy_opus_stereo_dmp__to__beneath_the_canopy_opus_stereo_dmp__stub" value_param="({ 0x29cd35b5ab pointing to &quot;beneath_the_canopy_opus_stereo.dmp&quot;, 0x29cd35b5ab pointing to &quot;beneath_the_canopy_opus_stereo.dmp&quot; }, true)" file="../../starboard/shared/starboard/player/filter/testing/adaptive_audio_decoder_test.cc" line="293" status="run" result="completed" time="0.021" timestamp="2392-07-09T13:17:43.023" classname="AdaptiveAudioDecoderTests/AdaptiveAudioDecoderTest" />
    <testcase name="SingleInput/beneath_the_canopy_opus_stereo_dmp__to__beneath_the_canopy_opus_mono_dmp__stub" value_param="({ 0x29cd35b5ab pointing to &quot;beneath_the_canopy_opus_stereo.dmp&quot;, 0x29cd36a9bd pointing to &quot;beneath_the_canopy_opus_mono.dmp&quot; }, true)" file="../../starboard/shared/starboard/player/filter/testing/adaptive_audio_decoder_test.cc" line="293" status="run" result="completed" time="0.023" timestamp="2392-07-09T13:17:43.047" classname="AdaptiveAudioDecoderTests/AdaptiveAudioDecoderTest" />
    <testcase name="SingleInput/beneath_the_canopy_opus_mono_dmp__to__beneath_the_canopy_aac_stereo_dmp__stub" value_param="({ 0x29cd36a9bd pointing to &quot;beneath_the_canopy_opus_mono.dmp&quot;, 0x29cd365daa pointing to &quot;beneath_the_canopy_aac_stereo.dmp&quot; }, true)" file="../../starboard/shared/starboard/player/filter/testing/adaptive_audio_decoder_test.cc" line="293" status="run" result="completed" time="0.025" timestamp="2392-07-09T13:17:43.073" classname="AdaptiveAudioDecoderTests/AdaptiveAudioDecoderTest" />
    <testcase name="SingleInput/beneath_the_canopy_opus_mono_dmp__to__beneath_the_canopy_aac_5_1_dmp__stub" value_param="({ 0x29cd36a9bd pointing to &quot;beneath_the_canopy_opus_mono.dmp&quot;, 0x29cd360ee1 pointing to &quot;beneath_the_canopy_aac_5_1.dmp&quot; }, true)" file="../../starboard/shared/starboard/player/filter/testing/adaptive_audio_decoder_test.cc" line="293" status="run" result="completed" time="0.026" timestamp="2392-07-09T13:17:43.100" classname="AdaptiveAudioDecoderTests/AdaptiveAudioDecoderTest" />
    <testcase name="SingleInput/beneath_the_canopy_opus_mono_dmp__to__beneath_the_canopy_aac_mono_dmp__stub" value_param="({ 0x29cd36a9bd pointing to &quot;beneath_the_canopy_opus_mono.dmp&quot;, 0x29cd370a7a pointing to &quot;beneath_the_canopy_aac_mono.dmp&quot; }, true)" file="../../starboard/shared/starboard/player/filter/testing/adaptive_audio_decoder_test.cc" line="293" status="run" result="completed" time="0.023" timestamp="2392-07-09T13:17:43.129" classname="AdaptiveAudioDecoderTests/AdaptiveAudioDecoderTest" />
    <testcase name="SingleInput/beneath_the_canopy_opus_mono_dmp__to__beneath_the_canopy_opus_5_1_dmp__stub" value_param="({ 0x29cd36a9bd pointing to &quot;beneath_the_canopy_opus_mono.dmp&quot;, 0x29cd35f778 pointing to &quot;beneath_the_canopy_opus_5_1.dmp&quot; }, true)" file="../../starboard/shared/starboard/player/filter/testing/adaptive_audio_decoder_test.cc" line="293" status="run" result="completed" time="0.022" timestamp="2392-07-09T13:17:43.155" classname="AdaptiveAudioDecoderTests/AdaptiveAudioDecoderTest" />
    <testcase name="SingleInput/beneath_the_canopy_opus_mono_dmp__to__beneath_the_canopy_opus_stereo_dmp__stub" value_param="({ 0x29cd36a9bd pointing to &quot;beneath_the_canopy_opus_mono.dmp&quot;, 0x29cd35b5ab pointing to &quot;beneath_the_canopy_opus_stereo.dmp&quot; }, true)" file="../../starboard/shared/starboard/player/filter/testing/adaptive_audio_decoder_test.cc" line="293" status="run" result="completed" time="0.022" timestamp="2392-07-09T13:17:43.180" classname="AdaptiveAudioDecoderTests/AdaptiveAudioDecoderTest" />
    <testcase name="SingleInput/beneath_the_canopy_opus_mono_dmp__to__beneath_the_canopy_opus_mono_dmp__stub" value_param="({ 0x29cd36a9bd pointing to &quot;beneath_the_canopy_opus_mono.dmp&quot;, 0x29cd36a9bd pointing to &quot;beneath_the_canopy_opus_mono.dmp&quot; }, true)" file="../../starboard/shared/starboard/player/filter/testing/adaptive_audio_decoder_test.cc" line="293" status="run" result="completed" time="0.021" timestamp="2392-07-09T13:17:43.205" classname="AdaptiveAudioDecoderTests/AdaptiveAudioDecoderTest" />
    <testcase name="SingleInput/beneath_the_canopy_aac_stereo_dmp__to__beneath_the_canopy_aac_5_1_dmp__to__beneath_the_canopy_aac_mono_dmp__to__beneath_the_canopy_opus_5_1_dmp__to__beneath_the_canopy_opus_stereo_dmp__to__beneath_the_canopy_opus_mono_dmp__stub" value_param="({ 0x29cd365daa pointing to &quot;beneath_the_canopy_aac_stereo.dmp&quot;, 0x29cd360ee1 pointing to &quot;beneath_the_canopy_aac_5_1.dmp&quot;, 0x29cd370a7a pointing to &quot;beneath_the_canopy_aac_mono.dmp&quot;, 0x29cd35f778 pointing to &quot;beneath_the_canopy_opus_5_1.dmp&quot;, 0x29cd35b5ab pointing to &quot;beneath_the_canopy_opus_stereo.dmp&quot;, 0x29cd36a9bd pointing to &quot;beneath_the_canopy_opus_mono.dmp&quot; }, true)" file="../../starboard/shared/starboard/player/filter/testing/adaptive_audio_decoder_test.cc" line="293" status="run" result="completed" time="0.072" timestamp="2392-07-09T13:17:43.228" classname="AdaptiveAudioDecoderTests/AdaptiveAudioDecoderTest" />
    <testcase name="SingleInput/beneath_the_canopy_opus_mono_dmp__to__beneath_the_canopy_opus_stereo_dmp__to__beneath_the_canopy_opus_5_1_dmp__to__beneath_the_canopy_aac_mono_dmp__to__beneath_the_canopy_aac_5_1_dmp__to__beneath_the_canopy_aac_stereo_dmp__stub" value_param="({ 0x29cd36a9bd pointing to &quot;beneath_the_canopy_opus_mono.dmp&quot;, 0x29cd35b5ab pointing to &quot;beneath_the_canopy_opus_stereo.dmp&quot;, 0x29cd35f778 pointing to &quot;beneath_the_canopy_opus_5_1.dmp&quot;, 0x29cd370a7a pointing to &quot;beneath_the_canopy_aac_mono.dmp&quot;, 0x29cd360ee1 pointing to &quot;beneath_the_canopy_aac_5_1.dmp&quot;, 0x29cd365daa pointing to &quot;beneath_the_canopy_aac_stereo.dmp&quot; }, true)" file="../../starboard/shared/starboard/player/filter/testing/adaptive_audio_decoder_test.cc" line="293" status="run" result="completed" time="0.066" timestamp="2392-07-09T13:17:43.303" classname="AdaptiveAudioDecoderTests/AdaptiveAudioDecoderTest" />
    <testcase name="SingleInput/beneath_the_canopy_aac_stereo_dmp__to__beneath_the_canopy_aac_5_1_dmp__to__beneath_the_canopy_aac_mono_dmp__to__beneath_the_canopy_opus_5_1_dmp__to__beneath_the_canopy_opus_stereo_dmp__to__beneath_the_canopy_opus_mono_dmp__to__beneath_the_canopy_aac_stereo_dmp__to__beneath_the_canopy_aac_5_1_dmp__to__beneath_the_canopy_aac_mono_dmp__to__beneath_the_canopy_opus_5_1_dmp__to__beneath_the_canopy_opus_stereo_dmp__to__beneath_the_canopy_opus_mono_dmp__stub" value_param="({ 0x29cd365daa pointing to &quot;beneath_the_canopy_aac_stereo.dmp&quot;, 0x29cd360ee1 pointing to &quot;beneath_the_canopy_aac_5_1.dmp&quot;, 0x29cd370a7a pointing to &quot;beneath_the_canopy_aac_mono.dmp&quot;, 0x29cd35f778 pointing to &quot;beneath_the_canopy_opus_5_1.dmp&quot;, 0x29cd35b5ab pointing to &quot;beneath_the_canopy_opus_stereo.dmp&quot;, 0x29cd36a9bd pointing to &quot;beneath_the_canopy_opus_mono.dmp&quot;, 0x29cd365daa pointing to &quot;beneath_the_canopy_aac_stereo.dmp&quot;, 0x29cd360ee1 pointing to &quot;beneath_the_canopy_aac_5_1.dmp&quot;, 0x29cd370a7a pointing to &quot;beneath_the_canopy_aac_mono.dmp&quot;, 0x29cd35f778 pointing to &quot;beneath_the_canopy_opus_5_1.dmp&quot;, 0x29cd35b5ab pointing to &quot;beneath_the_canopy_opus_stereo.dmp&quot;, 0x29cd36a9bd pointing to &quot;beneath_the_canopy_opus_mono.dmp&quot; }, true)" file="../../starboard/shared/starboard/player/filter/testing/adaptive_audio_decoder_test.cc" line="293" status="run" result="completed" time="0.131" timestamp="2392-07-09T13:17:43.371" classname="AdaptiveAudioDecoderTests/AdaptiveAudioDecoderTest" />
    <testcase name="SingleInput/beneath_the_canopy_opus_mono_dmp__to__beneath_the_canopy_opus_stereo_dmp__to__beneath_the_canopy_opus_5_1_dmp__to__beneath_the_canopy_aac_mono_dmp__to__beneath_the_canopy_aac_5_1_dmp__to__beneath_the_canopy_aac_stereo_dmp__to__beneath_the_canopy_opus_mono_dmp__to__beneath_the_canopy_opus_stereo_dmp__to__beneath_the_canopy_opus_5_1_dmp__to__beneath_the_canopy_aac_mono_dmp__to__beneath_the_canopy_aac_5_1_dmp__to__beneath_the_canopy_aac_stereo_dmp__stub" value_param="({ 0x29cd36a9bd pointing to &quot;beneath_the_canopy_opus_mono.dmp&quot;, 0x29cd35b5ab pointing to &quot;beneath_the_canopy_opus_stereo.dmp&quot;, 0x29cd35f778 pointing to &quot;beneath_the_canopy_opus_5_1.dmp&quot;, 0x29cd370a7a pointing to &quot;beneath_the_canopy_aac_mono.dmp&quot;, 0x29cd360ee1 pointing to &quot;beneath_the_canopy_aac_5_1.dmp&quot;, 0x29cd365daa pointing to &quot;beneath_the_canopy_aac_stereo.dmp&quot;, 0x29cd36a9bd pointing to &quot;beneath_the_canopy_opus_mono.dmp&quot;, 0x29cd35b5ab pointing to &quot;beneath_the_canopy_opus_stereo.dmp&quot;, 0x29cd35f778 pointing to &quot;beneath_the_canopy_opus_5_1.dmp&quot;, 0x29cd370a7a pointing to &quot;beneath_the_canopy_aac_mono.dmp&quot;, 0x29cd360ee1 pointing to &quot;beneath_the_canopy_aac_5_1.dmp&quot;, 0x29cd365daa pointing to &quot;beneath_the_canopy_aac_stereo.dmp&quot; }, true)" file="../../starboard/shared/starboard/player/filter/testing/adaptive_audio_decoder_test.cc" line="293" status="run" result="completed" time="0.13" timestamp="2392-07-09T13:17:43.505" classname="AdaptiveAudioDecoderTests/AdaptiveAudioDecoderTest" />
    <testcase name="MultipleInput/beneath_the_canopy_aac_stereo_dmp__to__beneath_the_canopy_aac_stereo_dmp__stub" value_param="({ 0x29cd365daa pointing to &quot;beneath_the_canopy_aac_stereo.dmp&quot;, 0x29cd365daa pointing to &quot;beneath_the_canopy_aac_stereo.dmp&quot; }, true)" file="../../starboard/shared/starboard/player/filter/testing/adaptive_audio_decoder_test.cc" line="327" status="run" result="completed" time="0.03" timestamp="2392-07-09T13:17:43.638" classname="AdaptiveAudioDecoderTests/AdaptiveAudioDecoderTest" />
    <testcase name="MultipleInput/beneath_the_canopy_aac_stereo_dmp__to__beneath_the_canopy_aac_5_1_dmp__stub" value_param="({ 0x29cd365daa pointing to &quot;beneath_the_canopy_aac_stereo.dmp&quot;, 0x29cd360ee1 pointing to &quot;beneath_the_canopy_aac_5_1.dmp&quot; }, true)" file="../../starboard/shared/starboard/player/filter/testing/adaptive_audio_decoder_test.cc" line="327" status="run" result="completed" time="0.035" timestamp="2392-07-09T13:17:43.671" classname="AdaptiveAudioDecoderTests/AdaptiveAudioDecoderTest" />
    <testcase name="MultipleInput/beneath_the_canopy_aac_stereo_dmp__to__beneath_the_canopy_aac_mono_dmp__stub" value_param="({ 0x29cd365daa pointing to &quot;beneath_the_canopy_aac_stereo.dmp&quot;, 0x29cd370a7a pointing to &quot;beneath_the_canopy_aac_mono.dmp&quot; }, true)" file="../../starboard/shared/starboard/player/filter/testing/adaptive_audio_decoder_test.cc" line="327" status="run" result="completed" time="0.036" timestamp="2392-07-09T13:17:43.709" classname="AdaptiveAudioDecoderTests/AdaptiveAudioDecoderTest" />
    <testcase name="MultipleInput/beneath_the_canopy_aac_stereo_dmp__to__beneath_the_canopy_opus_5_1_dmp__stub" value_param="({ 0x29cd365daa pointing to &quot;beneath_the_canopy_aac_stereo.dmp&quot;, 0x29cd35f778 pointing to &quot;beneath_the_canopy_opus_5_1.dmp&quot; }, true)" file="../../starboard/shared/starboard/player/filter/testing/adaptive_audio_decoder_test.cc" line="327" status="run" result="completed" time="0.042" timestamp="2392-07-09T13:17:43.748" classname="AdaptiveAudioDecoderTests/AdaptiveAudioDecoderTest" />
    <testcase name="MultipleInput/beneath_the_canopy_aac_stereo_dmp__to__beneath_the_canopy_opus_stereo_dmp__stub" value_param="({ 0x29cd365daa pointing to &quot;beneath_the_canopy_aac_stereo.dmp&quot;, 0x29cd35b5ab pointing to &quot;beneath_the_canopy_opus_stereo.dmp&quot; }, true)" file="../../starboard/shared/starboard/player/filter/testing/adaptive_audio_decoder_test.cc" line="327" status="run" result="completed" time="0.041" timestamp="2392-07-09T13:17:43.793" classname="AdaptiveAudioDecoderTests/AdaptiveAudioDecoderTest" />
    <testcase name="MultipleInput/beneath_the_canopy_aac_stereo_dmp__to__beneath_the_canopy_opus_mono_dmp__stub" value_param="({ 0x29cd365daa pointing to &quot;beneath_the_canopy_aac_stereo.dmp&quot;, 0x29cd36a9bd pointing to &quot;beneath_the_canopy_opus_mono.dmp&quot; }, true)" file="../../starboard/shared/starboard/player/filter/testing/adaptive_audio_decoder_test.cc" line="327" status="run" result="completed" time="0.041" timestamp="2392-07-09T13:17:43.836" classname="AdaptiveAudioDecoderTests/AdaptiveAudioDecoderTest" />
    <testcase name="MultipleInput/beneath_the_canopy_aac_5_1_dmp__to__beneath_the_canopy_aac_stereo_dmp__stub" value_param="({ 0x29cd360ee1 pointing to &quot;beneath_the_canopy_aac_5_1.dmp&quot;, 0x29cd365daa pointing to &quot;beneath_the_canopy_aac_stereo.dmp&quot; }, true)" file="../../starboard/shared/starboard/player/filter/testing/adaptive_audio_decoder_test.cc" line="327" status="run" result="completed" time="0.046" timestamp="2392-07-09T13:17:43.880" classname="AdaptiveAudioDecoderTests/AdaptiveAudioDecoderTest" />
    <testcase name="MultipleInput/beneath_the_canopy_aac_5_1_dmp__to__beneath_the_canopy_aac_5_1_dmp__stub" value_param="({ 0x29cd360ee1 pointing to &quot;beneath_the_canopy_aac_5_1.dmp&quot;, 0x29cd360ee1 pointing to &quot;beneath_the_canopy_aac_5_1.dmp&quot; }, true)" file="../../starboard/shared/starboard/player/filter/testing/adaptive_audio_decoder_test.cc" line="327" status="run" result="completed" time="0.043" timestamp="2392-07-09T13:17:43.929" classname="AdaptiveAudioDecoderTests/AdaptiveAudioDecoderTest" />
    <testcase name="MultipleInput/beneath_the_canopy_aac_5_1_dmp__to__beneath_the_canopy_aac_mono_dmp__stub" value_param="({ 0x29cd360ee1 pointing to &quot;beneath_the_canopy_aac_5_1.dmp&quot;, 0x29cd370a7a pointing to &quot;beneath_the_canopy_aac_mono.dmp&quot; }, true)" file="../../starboard/shared/starboard/player/filter/testing/adaptive_audio_decoder_test.cc" line="327" status="run" result="completed" time="0.044" timestamp="2392-07-09T13:17:43.975" classname="AdaptiveAudioDecoderTests/AdaptiveAudioDecoderTest" />
    <testcase name="MultipleInput/beneath_the_canopy_aac_5_1_dmp__to__beneath_the_canopy_opus_5_1_dmp__stub" value_param="({ 0x29cd360ee1 pointing to &quot;beneath_the_canopy_aac_5_1.dmp&quot;, 0x29cd35f778 pointing to &quot;beneath_the_canopy_opus_5_1.dmp&quot; }, true)" file="../../starboard/shared/starboard/player/filter/testing/adaptive_audio_decoder_test.cc" line="327" status="run" result="completed" time="0.046" timestamp="2392-07-09T13:17:44.023" classname="AdaptiveAudioDecoderTests/AdaptiveAudioDecoderTest" />
    <testcase name="MultipleInput/beneath_the_canopy_aac_5_1_dmp__to__beneath_the_canopy_opus_stereo_dmp__stub" value_param="({ 0x29cd360ee1 pointing to &quot;beneath_the_canopy_aac_5_1.dmp&quot;, 0x29cd35b5ab pointing to &quot;beneath_the_canopy_opus_stereo.dmp&quot; }, true)" file="../../starboard/shared/starboard/player/filter/testing/adaptive_audio_decoder_test.cc" line="327" status="run" result="completed" time="0.045" timestamp="2392-07-09T13:17:44.071" classname="AdaptiveAudioDecoderTests/AdaptiveAudioDecoderTest" />
    <testcase name="MultipleInput/beneath_the_canopy_aac_5_1_dmp__to__beneath_the_canopy_opus_mono_dmp__stub" value_param="({ 0x29cd360ee1 pointing to &quot;beneath_the_canopy_aac_5_1.dmp&quot;, 0x29cd36a9bd pointing to &quot;beneath_the_canopy_opus_mono.dmp&quot; }, true)" file="../../starboard/shared/starboard/player/filter/testing/adaptive_audio_decoder_test.cc" line="327" status="run" result="completed" time="0.042" timestamp="2392-07-09T13:17:44.119" classname="AdaptiveAudioDecoderTests/AdaptiveAudioDecoderTest" />
    <testcase name="MultipleInput/beneath_the_canopy_aac_mono_dmp__to__beneath_the_canopy_aac_stereo_dmp__stub" value_param="({ 0x29cd370a7a pointing to &quot;beneath_the_canopy_aac_mono.dmp&quot;, 0x29cd365daa pointing to &quot;beneath_the_canopy_aac_stereo.dmp&quot; }, true)" file="../../starboard/shared/starboard/player/filter/testing/adaptive_audio_decoder_test.cc" line="327" status="run" result="completed" time="0.042" timestamp="2392-07-09T13:17:44.163" classname="AdaptiveAudioDecoderTests/AdaptiveAudioDecoderTest" />
    <testcase name="MultipleInput/beneath_the_canopy_aac_mono_dmp__to__beneath_the_canopy_aac_5_1_dmp__stub" value_param="({ 0x29cd370a7a pointing to &quot;beneath_the_canopy_aac_mono.dmp&quot;, 0x29cd360ee1 pointing to &quot;beneath_the_canopy_aac_5_1.dmp&quot; }, true)" file="../../starboard/shared/starboard/player/filter/testing/adaptive_audio_decoder_test.cc" line="327" status="run" result="completed" time="0.044" timestamp="2392-07-09T13:17:44.208" classname="AdaptiveAudioDecoderTests/AdaptiveAudioDecoderTest" />
    <testcase name="MultipleInput/beneath_the_canopy_aac_mono_dmp__to__beneath_the_canopy_aac_mono_dmp__stub" value_param="({ 0x29cd370a7a pointing to &quot;beneath_the_canopy_aac_mono.dmp&quot;, 0x29cd370a7a pointing to &quot;beneath_the_canopy_aac_mono.dmp&quot; }, true)" file="../../starboard/shared/starboard/player/filter/testing/adaptive_audio_decoder_test.cc" line="327" status="run" result="completed" time="0.039" timestamp="2392-07-09T13:17:44.255" classname="AdaptiveAudioDecoderTests/AdaptiveAudioDecoderTest" />
    <testcase name="MultipleInput/beneath_the_canopy_aac_mono_dmp__to__beneath_the_canopy_opus_5_1_dmp__stub" value_param="({ 0x29cd370a7a pointing to &quot;beneath_the_canopy_aac_mono.dmp&quot;, 0x29cd35f778 pointing to &quot;beneath_the_canopy_opus_5_1.dmp&quot; }, true)" file="../../starboard/shared/starboard/player/filter/testing/adaptive_audio_decoder_test.cc" line="327" status="run" result="completed" time="0.044" timestamp="2392-07-09T13:17:44.297" classname="AdaptiveAudioDecoderTests/AdaptiveAudioDecoderTest" />
    <testcase name="MultipleInput/beneath_the_canopy_aac_mono_dmp__to__beneath_the_canopy_opus_stereo_dmp__stub" value_param="({ 0x29cd370a7a pointing to &quot;beneath_the_canopy_aac_mono.dmp&quot;, 0x29cd35b5ab pointing to &quot;beneath_the_canopy_opus_stereo.dmp&quot; }, true)" file="../../starboard/shared/starboard/player/filter/testing/adaptive_audio_decoder_test.cc" line="327" status="run" result="completed" time="0.045" timestamp="2392-07-09T13:17:44.344" classname="AdaptiveAudioDecoderTests/AdaptiveAudioDecoderTest" />
    <testcase name="MultipleInput/beneath_the_canopy_aac_mono_dmp__to__beneath_the_canopy_opus_mono_dmp__stub" value_param="({ 0x29cd370a7a pointing to &quot;beneath_the_canopy_aac_mono.dmp&quot;, 0x29cd36a9bd pointing to &quot;beneath_the_canopy_opus_mono.dmp&quot; }, true)" file="../../starboard/shared/starboard/player/filter/testing/adaptive_audio_decoder_test.cc" line="327" status="run" result="completed" time="0.041" timestamp="2392-07-09T13:17:44.392" classname="AdaptiveAudioDecoderTests/AdaptiveAudioDecoderTest" />
    <testcase name="MultipleInput/beneath_the_canopy_opus_5_1_dmp__to__beneath_the_canopy_aac_stereo_dmp__stub" value_param="({ 0x29cd35f778 pointing to &quot;beneath_the_canopy_opus_5_1.dmp&quot;, 0x29cd365daa pointing to &quot;beneath_the_canopy_aac_stereo.dmp&quot; }, true)" file="../../starboard/shared/starboard/player/filter/testing/adaptive_audio_decoder_test.cc" line="327" status="run" result="completed" time="0.047" timestamp="2392-07-09T13:17:44.436" classname="AdaptiveAudioDecoderTests/AdaptiveAudioDecoderTest" />
    <testcase name="MultipleInput/beneath_the_canopy_opus_5_1_dmp__to__beneath_the_canopy_aac_5_1_dmp__stub" value_param="({ 0x29cd35f778 pointing to &quot;beneath_the_canopy_opus_5_1.dmp&quot;, 0x29cd360ee1 pointing to &quot;beneath_the_canopy_aac_5_1.dmp&quot; }, true)" file="../../starboard/shared/starboard/player/filter/testing/adaptive_audio_decoder_test.cc" line="327" status="run" result="completed" time="0.044" timestamp="2392-07-09T13:17:44.486" classname="AdaptiveAudioDecoderTests/AdaptiveAudioDecoderTest" />
    <testcase name="MultipleInput/beneath_the_canopy_opus_5_1_dmp__to__beneath_the_canopy_aac_mono_dmp__stub" value_param="({ 0x29cd35f778 pointing to &quot;beneath_the_canopy_opus_5_1.dmp&quot;, 0x29cd370a7a pointing to &quot;beneath_the_canopy_aac_mono.dmp&quot; }, true)" file="../../starboard/shared/starboard/player/filter/testing/adaptive_audio_decoder_test.cc" line="327" status="run" result="completed" time="0.044" timestamp="2392-07-09T13:17:44.532" classname="AdaptiveAudioDecoderTests/AdaptiveAudioDecoderTest" />
    <testcase name="MultipleInput/beneath_the_canopy_opus_5_1_dmp__to__beneath_the_canopy_opus_5_1_dmp__stub" value_param="({ 0x29cd35f778 pointing to &quot;beneath_the_canopy_opus_5_1.dmp&quot;, 0x29cd35f778 pointing to &quot;beneath_the_canopy_opus_5_1.dmp&quot; }, true)" file="../../starboard/shared/starboard/player/filter/testing/adaptive_audio_decoder_test.cc" line="327" status="run" result="completed" time="0.037" timestamp="2392-07-09T13:17:44.578" classname="AdaptiveAudioDecoderTests/AdaptiveAudioDecoderTest" />
    <testcase name="MultipleInput/beneath_the_canopy_opus_5_1_dmp__to__beneath_the_canopy_opus_stereo_dmp__stub" value_param="({ 0x29cd35f778 pointing to &quot;beneath_the_canopy_opus_5_1.dmp&quot;, 0x29cd35b5ab pointing to &quot;beneath_the_canopy_opus_stereo.dmp&quot; }, true)" file="../../starboard/shared/starboard/player/filter/testing/adaptive_audio_decoder_test.cc" line="327" status="run" result="completed" time="0.041" timestamp="2392-07-09T13:17:44.618" classname="AdaptiveAudioDecoderTests/AdaptiveAudioDecoderTest" />
    <testcase name="MultipleInput/beneath_the_canopy_opus_5_1_dmp__to__beneath_the_canopy_opus_mono_dmp__stub" value_param="({ 0x29cd35f778 pointing to &quot;beneath_the_canopy_opus_5_1.dmp&quot;, 0x29cd36a9bd pointing to &quot;beneath_the_canopy_opus_mono.dmp&quot; }, true)" file="../../starboard/shared/starboard/player/filter/testing/adaptive_audio_decoder_test.cc" line="327" status="run" result="completed" time="0.04" timestamp="2392-07-09T13:17:44.662" classname="AdaptiveAudioDecoderTests/AdaptiveAudioDecoderTest" />
    <testcase name="MultipleInput/beneath_the_canopy_opus_stereo_dmp__to__beneath_the_canopy_aac_stereo_dmp__stub" value_param="({ 0x29cd35b5ab pointing to &quot;beneath_the_canopy_opus_stereo.dmp&quot;, 0x29cd365daa pointing to &quot;beneath_the_canopy_aac_stereo.dmp&quot; }, true)" file="../../starboard/shared/starboard/player/filter/testing/adaptive_audio_decoder_test.cc" line="327" status="run" result="completed" time="0.042" timestamp="2392-07-09T13:17:44.705" classname="AdaptiveAudioDecoderTests/AdaptiveAudioDecoderTest" />
    <testcase name="MultipleInput/beneath_the_canopy_opus_stereo_dmp__to__beneath_the_canopy_aac_5_1_dmp__stub" value_param="({ 0x29cd35b5ab pointing to &quot;beneath_the_canopy_opus_stereo.dmp&quot;, 0x29cd360ee1 pointing to &quot;beneath_the_canopy_aac_5_1.dmp&quot; }, true)" file="../../starboard/shared/starboard/player/filter/testing/adaptive_audio_decoder_test.cc" line="327" status="run" result="completed" time="0.047" timestamp="2392-07-09T13:17:44.749" classname="AdaptiveAudioDecoderTests/AdaptiveAudioDecoderTest" />
    <testcase name="MultipleInput/beneath_the_canopy_opus_stereo_dmp__to__beneath_the_canopy_aac_mono_dmp__stub" value_param="({ 0x29cd35b5ab pointing to &quot;beneath_the_canopy_opus_stereo.dmp&quot;, 0x29cd370a7a pointing to &quot;beneath_the_canopy_aac_mono.dmp&quot; }, true)" file="../../starboard/shared/starboard/player/filter/testing/adaptive_audio_decoder_test.cc" line="327" status="run" result="completed" time="0.04" timestamp="2392-07-09T13:17:44.799" classname="AdaptiveAudioDecoderTests/AdaptiveAudioDecoderTest" />
    <testcase name="MultipleInput/beneath_the_canopy_opus_stereo_dmp__to__beneath_the_canopy_opus_5_1_dmp__stub" value_param="({ 0x29cd35b5ab pointing to &quot;beneath_the_canopy_opus_stereo.dmp&quot;, 0x29cd35f778 pointing to &quot;beneath_the_canopy_opus_5_1.dmp&quot; }, true)" file="../../starboard/shared/starboard/player/filter/testing/adaptive_audio_decoder_test.cc" line="327" status="run" result="completed" time="0.04" timestamp="2392-07-09T13:17:44.842" classname="AdaptiveAudioDecoderTests/AdaptiveAudioDecoderTest" />
    <testcase name="MultipleInput/beneath_the_canopy_opus_stereo_dmp__to__beneath_the_canopy_opus_stereo_dmp__stub" value_param="({ 0x29cd35b5ab pointing to &quot;beneath_the_canopy_opus_stereo.dmp&quot;, 0x29cd35b5ab pointing to &quot;beneath_the_canopy_opus_stereo.dmp&quot; }, true)" file="../../starboard/shared/starboard/player/filter/testing/adaptive_audio_decoder_test.cc" line="327" status="run" result="completed" time="0.037" timestamp="2392-07-09T13:17:44.884" classname="AdaptiveAudioDecoderTests/AdaptiveAudioDecoderTest" />
    <testcase name="MultipleInput/beneath_the_canopy_opus_stereo_dmp__to__beneath_the_canopy_opus_mono_dmp__stub" value_param="({ 0x29cd35b5ab pointing to &quot;beneath_the_canopy_opus_stereo.dmp&quot;, 0x29cd36a9bd pointing to &quot;beneath_the_canopy_opus_mono.dmp&quot; }, true)" file="../../starboard/shared/starboard/player/filter/testing/adaptive_audio_decoder_test.cc" line="327" status="run" result="completed" time="0.038" timestamp="2392-07-09T13:17:44.924" classname="AdaptiveAudioDecoderTests/AdaptiveAudioDecoderTest" />
    <testcase name="MultipleInput/beneath_the_canopy_opus_mono_dmp__to__beneath_the_canopy_aac_stereo_dmp__stub" value_param="({ 0x29cd36a9bd pointing to &quot;beneath_the_canopy_opus_mono.dmp&quot;, 0x29cd365daa pointing to &quot;beneath_the_canopy_aac_stereo.dmp&quot; }, true)" file="../../starboard/shared/starboard/player/filter/testing/adaptive_audio_decoder_test.cc" line="327" status="run" result="completed" time="0.046" timestamp="2392-07-09T13:17:44.965" classname="AdaptiveAudioDecoderTests/AdaptiveAudioDecoderTest" />
    <testcase name="MultipleInput/beneath_the_canopy_opus_mono_dmp__to__beneath_the_canopy_aac_5_1_dmp__stub" value_param="({ 0x29cd36a9bd pointing to &quot;beneath_the_canopy_opus_mono.dmp&quot;, 0x29cd360ee1 pointing to &quot;beneath_the_canopy_aac_5_1.dmp&quot; }, true)" file="../../starboard/shared/starboard/player/filter/testing/adaptive_audio_decoder_test.cc" line="327" status="run" result="completed" time="0.048" timestamp="2392-07-09T13:17:45.014" classname="AdaptiveAudioDecoderTests/AdaptiveAudioDecoderTest" />
    <testcase name="MultipleInput/beneath_the_canopy_opus_mono_dmp__to__beneath_the_canopy_aac_mono_dmp__stub" value_param="({ 0x29cd36a9bd pointing to &quot;beneath_the_canopy_opus_mono.dmp&quot;, 0x29cd370a7a pointing to &quot;beneath_the_canopy_aac_mono.dmp&quot; }, true)" file="../../starboard/shared/starboard/player/filter/testing/adaptive_audio_decoder_test.cc" line="327" status="run" result="completed" time="0.04" timestamp="2392-07-09T13:17:45.064" classname="AdaptiveAudioDecoderTests/AdaptiveAudioDecoderTest" />
    <testcase name="MultipleInput/beneath_the_canopy_opus_mono_dmp__to__beneath_the_canopy_opus_5_1_dmp__stub" value_param="({ 0x29cd36a9bd pointing to &quot;beneath_the_canopy_opus_mono.dmp&quot;, 0x29cd35f778 pointing to &quot;beneath_the_canopy_opus_5_1.dmp&quot; }, true)" file="../../starboard/shared/starboard/player/filter/testing/adaptive_audio_decoder_test.cc" line="327" status="run" result="completed" time="0.04" timestamp="2392-07-09T13:17:45.107" classname="AdaptiveAudioDecoderTests/AdaptiveAudioDecoderTest" />
    <testcase name="MultipleInput/beneath_the_canopy_opus_mono_dmp__to__beneath_the_canopy_opus_stereo_dmp__stub" value_param="({ 0x29cd36a9bd pointing to &quot;beneath_the_canopy_opus_mono.dmp&quot;, 0x29cd35b5ab pointing to &quot;beneath_the_canopy_opus_stereo.dmp&quot; }, true)" file="../../starboard/shared/starboard/player/filter/testing/adaptive_audio_decoder_test.cc" line="327" status="run" result="completed" time="0.038" timestamp="2392-07-09T13:17:45.150" classname="AdaptiveAudioDecoderTests/AdaptiveAudioDecoderTest" />
    <testcase name="MultipleInput/beneath_the_canopy_opus_mono_dmp__to__beneath_the_canopy_opus_mono_dmp__stub" value_param="({ 0x29cd36a9bd pointing to &quot;beneath_the_canopy_opus_mono.dmp&quot;, 0x29cd36a9bd pointing to &quot;beneath_the_canopy_opus_mono.dmp&quot; }, true)" file="../../starboard/shared/starboard/player/filter/testing/adaptive_audio_decoder_test.cc" line="327" status="run" result="completed" time="0.038" timestamp="2392-07-09T13:17:45.191" classname="AdaptiveAudioDecoderTests/AdaptiveAudioDecoderTest" />
    <testcase name="MultipleInput/beneath_the_canopy_aac_stereo_dmp__to__beneath_the_canopy_aac_5_1_dmp__to__beneath_the_canopy_aac_mono_dmp__to__beneath_the_canopy_opus_5_1_dmp__to__beneath_the_canopy_opus_stereo_dmp__to__beneath_the_canopy_opus_mono_dmp__stub" value_param="({ 0x29cd365daa pointing to &quot;beneath_the_canopy_aac_stereo.dmp&quot;, 0x29cd360ee1 pointing to &quot;beneath_the_canopy_aac_5_1.dmp&quot;, 0x29cd370a7a pointing to &quot;beneath_the_canopy_aac_mono.dmp&quot;, 0x29cd35f778 pointing to &quot;beneath_the_canopy_opus_5_1.dmp&quot;, 0x29cd35b5ab pointing to &quot;beneath_the_canopy_opus_stereo.dmp&quot;, 0x29cd36a9bd pointing to &quot;beneath_the_canopy_opus_mono.dmp&quot; }, true)" file="../../starboard/shared/starboard/player/filter/testing/adaptive_audio_decoder_test.cc" line="327" status="run" result="completed" time="0.127" timestamp="2392-07-09T13:17:45.232" classname="AdaptiveAudioDecoderTests/AdaptiveAudioDecoderTest" />
    <testcase name="MultipleInput/beneath_the_canopy_opus_mono_dmp__to__beneath_the_canopy_opus_stereo_dmp__to__beneath_the_canopy_opus_5_1_dmp__to__beneath_the_canopy_aac_mono_dmp__to__beneath_the_canopy_aac_5_1_dmp__to__beneath_the_canopy_aac_stereo_dmp__stub" value_param="({ 0x29cd36a9bd pointing to &quot;beneath_the_canopy_opus_mono.dmp&quot;, 0x29cd35b5ab pointing to &quot;beneath_the_canopy_opus_stereo.dmp&quot;, 0x29cd35f778 pointing to &quot;beneath_the_canopy_opus_5_1.dmp&quot;, 0x29cd370a7a pointing to &quot;beneath_the_canopy_aac_mono.dmp&quot;, 0x29cd360ee1 pointing to &quot;beneath_the_canopy_aac_5_1.dmp&quot;, 0x29cd365daa pointing to &quot;beneath_the_canopy_aac_stereo.dmp&quot; }, true)" file="../../starboard/shared/starboard/player/filter/testing/adaptive_audio_decoder_test.cc" line="327" status="run" result="completed" time="0.128" timestamp="2392-07-09T13:17:45.361" classname="AdaptiveAudioDecoderTests/AdaptiveAudioDecoderTest" />
    <testcase name="MultipleInput/beneath_the_canopy_aac_stereo_dmp__to__beneath_the_canopy_aac_5_1_dmp__to__beneath_the_canopy_aac_mono_dmp__to__beneath_the_canopy_opus_5_1_dmp__to__beneath_the_canopy_opus_stereo_dmp__to__beneath_the_canopy_opus_mono_dmp__to__beneath_the_canopy_aac_stereo_dmp__to__beneath_the_canopy_aac_5_1_dmp__to__beneath_the_canopy_aac_mono_dmp__to__beneath_the_canopy_opus_5_1_dmp__to__beneath_the_canopy_opus_stereo_dmp__to__beneath_the_canopy_opus_mono_dmp__stub" value_param="({ 0x29cd365daa pointing to &quot;beneath_the_canopy_aac_stereo.dmp&quot;, 0x29cd360ee1 pointing to &quot;beneath_the_canopy_aac_5_1.dmp&quot;, 0x29cd370a7a pointing to &quot;beneath_the_canopy_aac_mono.dmp&quot;, 0x29cd35f778 pointing to &quot;beneath_the_canopy_opus_5_1.dmp&quot;, 0x29cd35b5ab pointing to &quot;beneath_the_canopy_opus_stereo.dmp&quot;, 0x29cd36a9bd pointing to &quot;beneath_the_canopy_opus_mono.dmp&quot;, 0x29cd365daa pointing to &quot;beneath_the_canopy_aac_stereo.dmp&quot;, 0x29cd360ee1 pointing to &quot;beneath_the_canopy_aac_5_1.dmp&quot;, 0x29cd370a7a pointing to &quot;beneath_the_canopy_aac_mono.dmp&quot;, 0x29cd35f778 pointing to &quot;beneath_the_canopy_opus_5_1.dmp&quot;, 0x29cd35b5ab pointing to &quot;beneath_the_canopy_opus_stereo.dmp&quot;, 0x29cd36a9bd pointing to &quot;beneath_the_canopy_opus_mono.dmp&quot; }, true)" file="../../starboard/shared/starboard/player/filter/testing/adaptive_audio_decoder_test.cc" line="327" status="run" result="completed" time="0.228" timestamp="2392-07-09T13:17:45.492" classname="AdaptiveAudioDecoderTests/AdaptiveAudioDecoderTest" />
    <testcase name="MultipleInput/beneath_the_canopy_opus_mono_dmp__to__beneath_the_canopy_opus_stereo_dmp__to__beneath_the_canopy_opus_5_1_dmp__to__beneath_the_canopy_aac_mono_dmp__to__beneath_the_canopy_aac_5_1_dmp__to__beneath_the_canopy_aac_stereo_dmp__to__beneath_the_canopy_opus_mono_dmp__to__beneath_the_canopy_opus_stereo_dmp__to__beneath_the_canopy_opus_5_1_dmp__to__beneath_the_canopy_aac_mono_dmp__to__beneath_the_canopy_aac_5_1_dmp__to__beneath_the_canopy_aac_stereo_dmp__stub" value_param="({ 0x29cd36a9bd pointing to &quot;beneath_the_canopy_opus_mono.dmp&quot;, 0x29cd35b5ab pointing to &quot;beneath_the_canopy_opus_stereo.dmp&quot;, 0x29cd35f778 pointing to &quot;beneath_the_canopy_opus_5_1.dmp&quot;, 0x29cd370a7a pointing to &quot;beneath_the_canopy_aac_mono.dmp&quot;, 0x29cd360ee1 pointing to &quot;beneath_the_canopy_aac_5_1.dmp&quot;, 0x29cd365daa pointing to &quot;beneath_the_canopy_aac_stereo.dmp&quot;, 0x29cd36a9bd pointing to &quot;beneath_the_canopy_opus_mono.dmp&quot;, 0x29cd35b5ab pointing to &quot;beneath_the_canopy_opus_stereo.dmp&quot;, 0x29cd35f778 pointing to &quot;beneath_the_canopy_opus_5_1.dmp&quot;, 0x29cd370a7a pointing to &quot;beneath_the_canopy_aac_mono.dmp&quot;, 0x29cd360ee1 pointing to &quot;beneath_the_canopy_aac_5_1.dmp&quot;, 0x29cd365daa pointing to &quot;beneath_the_canopy_aac_stereo.dmp&quot; }, true)" file="../../starboard/shared/starboard/player/filter/testing/adaptive_audio_decoder_test.cc" line="327" status="run" result="completed" time="0.249" timestamp="2392-07-09T13:17:45.722" classname="AdaptiveAudioDecoderTests/AdaptiveAudioDecoderTest" />
  </testsuite>
  <testsuite name="AudioChannelLayoutMixerTests/AudioChannelLayoutMixerTest" tests="8" failures="0" disabled="0" skipped="0" errors="0" time="0.018" timestamp="2392-07-09T13:17:45.975">
    <testcase name="MixToMono/SampleTypeInt16_StorageTypePlanar" value_param="(0, 1)" file="../../starboard/shared/starboard/player/filter/testing/audio_channel_layout_mixer_test.cc" line="178" status="run" result="completed" time="0" timestamp="2392-07-09T13:17:45.976" classname="AudioChannelLayoutMixerTests/AudioChannelLayoutMixerTest" />
    <testcase name="MixToMono/SampleTypeFloat32_StorageTypePlanar" value_param="(1, 1)" file="../../starboard/shared/starboard/player/filter/testing/audio_channel_layout_mixer_test.cc" line="178" status="run" result="completed" time="0" timestamp="2392-07-09T13:17:45.978" classname="AudioChannelLayoutMixerTests/AudioChannelLayoutMixerTest" />
    <testcase name="MixToStereo/SampleTypeInt16_StorageTypePlanar" value_param="(0, 1)" file="../../starboard/shared/starboard/player/filter/testing/audio_channel_layout_mixer_test.cc" line="217" status="run" result="completed" time="0" timestamp="2392-07-09T13:17:45.980" classname="AudioChannelLayoutMixerTests/AudioChannelLayoutMixerTest" />
    <testcase name="MixToStereo/SampleTypeFloat32_StorageTypePlanar" value_param="(1, 1)" file="../../starboard/shared/starboard/player/filter/testing/audio_channel_layout_mixer_test.cc" line="217" status="run" result="completed" time="0" timestamp="2392-07-09T13:17:45.983" classname="AudioChannelLayoutMixerTests/AudioChannelLayoutMixerTest" />
    <testcase name="MixToQuad/SampleTypeInt16_StorageTypePlanar" value_param="(0, 1)" file="../../starboard/shared/starboard/player/filter/testing/audio_channel_layout_mixer_test.cc" line="256" status="run" result="completed" time="0" timestamp="2392-07-09T13:17:45.985" classname="AudioChannelLayoutMixerTests/AudioChannelLayoutMixerTest" />
    <testcase name="MixToQuad/SampleTypeFloat32_StorageTypePlanar" value_param="(1, 1)" file="../../starboard/shared/starboard/player/filter/testing/audio_channel_layout_mixer_test.cc" line="256" status="run" result="completed" time="0" timestamp="2392-07-09T13:17:45.987" classname="AudioChannelLayoutMixerTests/AudioChannelLayoutMixerTest" />
    <testcase name="MixToFivePointOne/SampleTypeInt16_StorageTypePlanar" value_param="(0, 1)" file="../../starboard/shared/starboard/player/filter/testing/audio_channel_layout_mixer_test.cc" line="300" status="run" result="completed" time="0" timestamp="2392-07-09T13:17:45.989" classname="AudioChannelLayoutMixerTests/AudioChannelLayoutMixerTest" />
    <testcase name="MixToFivePointOne/SampleTypeFloat32_StorageTypePlanar" value_param="(1, 1)" file="../../starboard/shared/starboard/player/filter/testing/audio_channel_layout_mixer_test.cc" line="300" status="run" result="completed" time="0" timestamp="2392-07-09T13:17:45.992" classname="AudioChannelLayoutMixerTests/AudioChannelLayoutMixerTest" />
  </testsuite>
  <testsuite name="AudioDecoderTests/AudioDecoderTest" tests="84" failures="0" disabled="0" skipped="0" errors="0" time="4.258" timestamp="2392-07-09T13:17:45.995">
    <testcase name="MultiDecoders/beneath_the_canopy_aac_stereo_dmp__stub" value_param="(0x29cd365daa pointing to &quot;beneath_the_canopy_aac_stereo.dmp&quot;, true)" file="../../starboard/shared/starboard/player/filter/testing/audio_decoder_test.cc" line="457" status="run" result="completed" time="0.003" timestamp="2392-07-09T13:17:45.996" classname="AudioDecoderTests/AudioDecoderTest" />
    <testcase name="MultiDecoders/beneath_the_canopy_aac_5_1_dmp__stub" value_param="(0x29cd360ee1 pointing to &quot;beneath_the_canopy_aac_5_1.dmp&quot;, true)" file="../../starboard/shared/starboard/player/filter/testing/audio_decoder_test.cc" line="457" status="run" result="completed" time="0.002" timestamp="2392-07-09T13:17:46.002" classname="AudioDecoderTests/AudioDecoderTest" />
    <testcase name="MultiDecoders/beneath_the_canopy_aac_mono_dmp__stub" value_param="(0x29cd370a7a pointing to &quot;beneath_the_canopy_aac_mono.dmp&quot;, true)" file="../../starboard/shared/starboard/player/filter/testing/audio_decoder_test.cc" line="457" status="run" result="completed" time="0.002" timestamp="2392-07-09T13:17:46.007" classname="AudioDecoderTests/AudioDecoderTest" />
    <testcase name="MultiDecoders/beneath_the_canopy_opus_5_1_dmp__stub" value_param="(0x29cd35f778 pointing to &quot;beneath_the_canopy_opus_5_1.dmp&quot;, true)" file="../../starboard/shared/starboard/player/filter/testing/audio_decoder_test.cc" line="457" status="run" result="completed" time="0.002" timestamp="2392-07-09T13:17:46.012" classname="AudioDecoderTests/AudioDecoderTest" />
    <testcase name="MultiDecoders/beneath_the_canopy_opus_stereo_dmp__stub" value_param="(0x29cd35b5ab pointing to &quot;beneath_the_canopy_opus_stereo.dmp&quot;, true)" file="../../starboard/shared/starboard/player/filter/testing/audio_decoder_test.cc" line="457" status="run" result="completed" time="0.002" timestamp="2392-07-09T13:17:46.017" classname="AudioDecoderTests/AudioDecoderTest" />
    <testcase name="MultiDecoders/beneath_the_canopy_opus_mono_dmp__stub" value_param="(0x29cd36a9bd pointing to &quot;beneath_the_canopy_opus_mono.dmp&quot;, true)" file="../../starboard/shared/starboard/player/filter/testing/audio_decoder_test.cc" line="457" status="run" result="completed" time="0.002" timestamp="2392-07-09T13:17:46.022" classname="AudioDecoderTests/AudioDecoderTest" />
    <testcase name="MultiDecoders/heaac_dmp__stub" value_param="(0x29cd370a9a pointing to &quot;heaac.dmp&quot;, true)" file="../../starboard/shared/starboard/player/filter/testing/audio_decoder_test.cc" line="457" status="run" result="completed" time="0.002" timestamp="2392-07-09T13:17:46.027" classname="AudioDecoderTests/AudioDecoderTest" />
    <testcase name="SingleInput/beneath_the_canopy_aac_stereo_dmp__stub" value_param="(0x29cd365daa pointing to &quot;beneath_the_canopy_aac_stereo.dmp&quot;, true)" file="../../starboard/shared/starboard/player/filter/testing/audio_decoder_test.cc" line="473" status="run" result="completed" time="0.016" timestamp="2392-07-09T13:17:46.032" classname="AudioDecoderTests/AudioDecoderTest" />
    <testcase name="SingleInput/beneath_the_canopy_aac_5_1_dmp__stub" value_param="(0x29cd360ee1 pointing to &quot;beneath_the_canopy_aac_5_1.dmp&quot;, true)" file="../../starboard/shared/starboard/player/filter/testing/audio_decoder_test.cc" line="473" status="run" result="completed" time="0.016" timestamp="2392-07-09T13:17:46.051" classname="AudioDecoderTests/AudioDecoderTest" />
    <testcase name="SingleInput/beneath_the_canopy_aac_mono_dmp__stub" value_param="(0x29cd370a7a pointing to &quot;beneath_the_canopy_aac_mono.dmp&quot;, true)" file="../../starboard/shared/starboard/player/filter/testing/audio_decoder_test.cc" line="473" status="run" result="completed" time="0.016" timestamp="2392-07-09T13:17:46.070" classname="AudioDecoderTests/AudioDecoderTest" />
    <testcase name="SingleInput/beneath_the_canopy_opus_5_1_dmp__stub" value_param="(0x29cd35f778 pointing to &quot;beneath_the_canopy_opus_5_1.dmp&quot;, true)" file="../../starboard/shared/starboard/player/filter/testing/audio_decoder_test.cc" line="473" status="run" result="completed" time="0.014" timestamp="2392-07-09T13:17:46.089" classname="AudioDecoderTests/AudioDecoderTest" />
    <testcase name="SingleInput/beneath_the_canopy_opus_stereo_dmp__stub" value_param="(0x29cd35b5ab pointing to &quot;beneath_the_canopy_opus_stereo.dmp&quot;, true)" file="../../starboard/shared/starboard/player/filter/testing/audio_decoder_test.cc" line="473" status="run" result="completed" time="0.014" timestamp="2392-07-09T13:17:46.105" classname="AudioDecoderTests/AudioDecoderTest" />
    <testcase name="SingleInput/beneath_the_canopy_opus_mono_dmp__stub" value_param="(0x29cd36a9bd pointing to &quot;beneath_the_canopy_opus_mono.dmp&quot;, true)" file="../../starboard/shared/starboard/player/filter/testing/audio_decoder_test.cc" line="473" status="run" result="completed" time="0.014" timestamp="2392-07-09T13:17:46.122" classname="AudioDecoderTests/AudioDecoderTest" />
    <testcase name="SingleInput/heaac_dmp__stub" value_param="(0x29cd370a9a pointing to &quot;heaac.dmp&quot;, true)" file="../../starboard/shared/starboard/player/filter/testing/audio_decoder_test.cc" line="473" status="run" result="completed" time="0.015" timestamp="2392-07-09T13:17:46.139" classname="AudioDecoderTests/AudioDecoderTest" />
    <testcase name="SingleInputHEAAC/beneath_the_canopy_aac_stereo_dmp__stub" value_param="(0x29cd365daa pointing to &quot;beneath_the_canopy_aac_stereo.dmp&quot;, true)" file="../../starboard/shared/starboard/player/filter/testing/audio_decoder_test.cc" line="482" status="run" result="completed" time="0.016" timestamp="2392-07-09T13:17:46.157" classname="AudioDecoderTests/AudioDecoderTest" />
    <testcase name="SingleInputHEAAC/beneath_the_canopy_aac_5_1_dmp__stub" value_param="(0x29cd360ee1 pointing to &quot;beneath_the_canopy_aac_5_1.dmp&quot;, true)" file="../../starboard/shared/starboard/player/filter/testing/audio_decoder_test.cc" line="482" status="run" result="completed" time="0.017" timestamp="2392-07-09T13:17:46.175" classname="AudioDecoderTests/AudioDecoderTest" />
    <testcase name="SingleInputHEAAC/beneath_the_canopy_aac_mono_dmp__stub" value_param="(0x29cd370a7a pointing to &quot;beneath_the_canopy_aac_mono.dmp&quot;, true)" file="../../starboard/shared/starboard/player/filter/testing/audio_decoder_test.cc" line="482" status="run" result="completed" time="0.016" timestamp="2392-07-09T13:17:46.195" classname="AudioDecoderTests/AudioDecoderTest" />
    <testcase name="SingleInputHEAAC/beneath_the_canopy_opus_5_1_dmp__stub" value_param="(0x29cd35f778 pointing to &quot;beneath_the_canopy_opus_5_1.dmp&quot;, true)" file="../../starboard/shared/starboard/player/filter/testing/audio_decoder_test.cc" line="482" status="run" result="completed" time="0.001" timestamp="2392-07-09T13:17:46.214" classname="AudioDecoderTests/AudioDecoderTest" />
    <testcase name="SingleInputHEAAC/beneath_the_canopy_opus_stereo_dmp__stub" value_param="(0x29cd35b5ab pointing to &quot;beneath_the_canopy_opus_stereo.dmp&quot;, true)" file="../../starboard/shared/starboard/player/filter/testing/audio_decoder_test.cc" line="482" status="run" result="completed" time="0.001" timestamp="2392-07-09T13:17:46.218" classname="AudioDecoderTests/AudioDecoderTest" />
    <testcase name="SingleInputHEAAC/beneath_the_canopy_opus_mono_dmp__stub" value_param="(0x29cd36a9bd pointing to &quot;beneath_the_canopy_opus_mono.dmp&quot;, true)" file="../../starboard/shared/starboard/player/filter/testing/audio_decoder_test.cc" line="482" status="run" result="completed" time="0.001" timestamp="2392-07-09T13:17:46.222" classname="AudioDecoderTests/AudioDecoderTest" />
    <testcase name="SingleInputHEAAC/heaac_dmp__stub" value_param="(0x29cd370a9a pointing to &quot;heaac.dmp&quot;, true)" file="../../starboard/shared/starboard/player/filter/testing/audio_decoder_test.cc" line="482" status="run" result="completed" time="0.015" timestamp="2392-07-09T13:17:46.226" classname="AudioDecoderTests/AudioDecoderTest" />
    <testcase name="InvalidCodec/beneath_the_canopy_aac_stereo_dmp__stub" value_param="(0x29cd365daa pointing to &quot;beneath_the_canopy_aac_stereo.dmp&quot;, true)" file="../../starboard/shared/starboard/player/filter/testing/audio_decoder_test.cc" line="504" status="run" result="completed" time="0.015" timestamp="2392-07-09T13:17:46.243" classname="AudioDecoderTests/AudioDecoderTest" />
    <testcase name="InvalidCodec/beneath_the_canopy_aac_5_1_dmp__stub" value_param="(0x29cd360ee1 pointing to &quot;beneath_the_canopy_aac_5_1.dmp&quot;, true)" file="../../starboard/shared/starboard/player/filter/testing/audio_decoder_test.cc" line="504" status="run" result="completed" time="0.016" timestamp="2392-07-09T13:17:46.261" classname="AudioDecoderTests/AudioDecoderTest" />
    <testcase name="InvalidCodec/beneath_the_canopy_aac_mono_dmp__stub" value_param="(0x29cd370a7a pointing to &quot;beneath_the_canopy_aac_mono.dmp&quot;, true)" file="../../starboard/shared/starboard/player/filter/testing/audio_decoder_test.cc" line="504" status="run" result="completed" time="0.015" timestamp="2392-07-09T13:17:46.280" classname="AudioDecoderTests/AudioDecoderTest" />
    <testcase name="InvalidCodec/beneath_the_canopy_opus_5_1_dmp__stub" value_param="(0x29cd35f778 pointing to &quot;beneath_the_canopy_opus_5_1.dmp&quot;, true)" file="../../starboard/shared/starboard/player/filter/testing/audio_decoder_test.cc" line="504" status="run" result="completed" time="0.014" timestamp="2392-07-09T13:17:46.298" classname="AudioDecoderTests/AudioDecoderTest" />
    <testcase name="InvalidCodec/beneath_the_canopy_opus_stereo_dmp__stub" value_param="(0x29cd35b5ab pointing to &quot;beneath_the_canopy_opus_stereo.dmp&quot;, true)" file="../../starboard/shared/starboard/player/filter/testing/audio_decoder_test.cc" line="504" status="run" result="completed" time="0.013" timestamp="2392-07-09T13:17:46.314" classname="AudioDecoderTests/AudioDecoderTest" />
    <testcase name="InvalidCodec/beneath_the_canopy_opus_mono_dmp__stub" value_param="(0x29cd36a9bd pointing to &quot;beneath_the_canopy_opus_mono.dmp&quot;, true)" file="../../starboard/shared/starboard/player/filter/testing/audio_decoder_test.cc" line="504" status="run" result="completed" time="0.014" timestamp="2392-07-09T13:17:46.331" classname="AudioDecoderTests/AudioDecoderTest" />
    <testcase name="InvalidCodec/heaac_dmp__stub" value_param="(0x29cd370a9a pointing to &quot;heaac.dmp&quot;, true)" file="../../starboard/shared/starboard/player/filter/testing/audio_decoder_test.cc" line="504" status="run" result="completed" time="0.015" timestamp="2392-07-09T13:17:46.347" classname="AudioDecoderTests/AudioDecoderTest" />
    <testcase name="InvalidConfig/beneath_the_canopy_aac_stereo_dmp__stub" value_param="(0x29cd365daa pointing to &quot;beneath_the_canopy_aac_stereo.dmp&quot;, true)" file="../../starboard/shared/starboard/player/filter/testing/audio_decoder_test.cc" line="524" status="run" result="completed" time="0.02" timestamp="2392-07-09T13:17:46.365" classname="AudioDecoderTests/AudioDecoderTest" />
    <testcase name="InvalidConfig/beneath_the_canopy_aac_5_1_dmp__stub" value_param="(0x29cd360ee1 pointing to &quot;beneath_the_canopy_aac_5_1.dmp&quot;, true)" file="../../starboard/shared/starboard/player/filter/testing/audio_decoder_test.cc" line="524" status="run" result="completed" time="0.02" timestamp="2392-07-09T13:17:46.387" classname="AudioDecoderTests/AudioDecoderTest" />
    <testcase name="InvalidConfig/beneath_the_canopy_aac_mono_dmp__stub" value_param="(0x29cd370a7a pointing to &quot;beneath_the_canopy_aac_mono.dmp&quot;, true)" file="../../starboard/shared/starboard/player/filter/testing/audio_decoder_test.cc" line="524" status="run" result="completed" time="0.02" timestamp="2392-07-09T13:17:46.411" classname="AudioDecoderTests/AudioDecoderTest" />
    <testcase name="InvalidConfig/beneath_the_canopy_opus_5_1_dmp__stub" value_param="(0x29cd35f778 pointing to &quot;beneath_the_canopy_opus_5_1.dmp&quot;, true)" file="../../starboard/shared/starboard/player/filter/testing/audio_decoder_test.cc" line="524" status="run" result="completed" time="0.089" timestamp="2392-07-09T13:17:46.433" classname="AudioDecoderTests/AudioDecoderTest" />
    <testcase name="InvalidConfig/beneath_the_canopy_opus_stereo_dmp__stub" value_param="(0x29cd35b5ab pointing to &quot;beneath_the_canopy_opus_stereo.dmp&quot;, true)" file="../../starboard/shared/starboard/player/filter/testing/audio_decoder_test.cc" line="524" status="run" result="completed" time="0.066" timestamp="2392-07-09T13:17:46.526" classname="AudioDecoderTests/AudioDecoderTest" />
    <testcase name="InvalidConfig/beneath_the_canopy_opus_mono_dmp__stub" value_param="(0x29cd36a9bd pointing to &quot;beneath_the_canopy_opus_mono.dmp&quot;, true)" file="../../starboard/shared/starboard/player/filter/testing/audio_decoder_test.cc" line="524" status="run" result="completed" time="0.067" timestamp="2392-07-09T13:17:46.594" classname="AudioDecoderTests/AudioDecoderTest" />
    <testcase name="InvalidConfig/heaac_dmp__stub" value_param="(0x29cd370a9a pointing to &quot;heaac.dmp&quot;, true)" file="../../starboard/shared/starboard/player/filter/testing/audio_decoder_test.cc" line="524" status="run" result="completed" time="0.059" timestamp="2392-07-09T13:17:46.663" classname="AudioDecoderTests/AudioDecoderTest" />
    <testcase name="SingleInvalidInput/beneath_the_canopy_aac_stereo_dmp__stub" value_param="(0x29cd365daa pointing to &quot;beneath_the_canopy_aac_stereo.dmp&quot;, true)" file="../../starboard/shared/starboard/player/filter/testing/audio_decoder_test.cc" line="567" status="run" result="completed" time="0.016" timestamp="2392-07-09T13:17:46.725" classname="AudioDecoderTests/AudioDecoderTest" />
    <testcase name="SingleInvalidInput/beneath_the_canopy_aac_5_1_dmp__stub" value_param="(0x29cd360ee1 pointing to &quot;beneath_the_canopy_aac_5_1.dmp&quot;, true)" file="../../starboard/shared/starboard/player/filter/testing/audio_decoder_test.cc" line="567" status="run" result="completed" time="0.016" timestamp="2392-07-09T13:17:46.744" classname="AudioDecoderTests/AudioDecoderTest" />
    <testcase name="SingleInvalidInput/beneath_the_canopy_aac_mono_dmp__stub" value_param="(0x29cd370a7a pointing to &quot;beneath_the_canopy_aac_mono.dmp&quot;, true)" file="../../starboard/shared/starboard/player/filter/testing/audio_decoder_test.cc" line="567" status="run" result="completed" time="0.016" timestamp="2392-07-09T13:17:46.763" classname="AudioDecoderTests/AudioDecoderTest" />
    <testcase name="SingleInvalidInput/beneath_the_canopy_opus_5_1_dmp__stub" value_param="(0x29cd35f778 pointing to &quot;beneath_the_canopy_opus_5_1.dmp&quot;, true)" file="../../starboard/shared/starboard/player/filter/testing/audio_decoder_test.cc" line="567" status="run" result="completed" time="0.014" timestamp="2392-07-09T13:17:46.781" classname="AudioDecoderTests/AudioDecoderTest" />
    <testcase name="SingleInvalidInput/beneath_the_canopy_opus_stereo_dmp__stub" value_param="(0x29cd35b5ab pointing to &quot;beneath_the_canopy_opus_stereo.dmp&quot;, true)" file="../../starboard/shared/starboard/player/filter/testing/audio_decoder_test.cc" line="567" status="run" result="completed" time="0.014" timestamp="2392-07-09T13:17:46.798" classname="AudioDecoderTests/AudioDecoderTest" />
    <testcase name="SingleInvalidInput/beneath_the_canopy_opus_mono_dmp__stub" value_param="(0x29cd36a9bd pointing to &quot;beneath_the_canopy_opus_mono.dmp&quot;, true)" file="../../starboard/shared/starboard/player/filter/testing/audio_decoder_test.cc" line="567" status="run" result="completed" time="0.014" timestamp="2392-07-09T13:17:46.815" classname="AudioDecoderTests/AudioDecoderTest" />
    <testcase name="SingleInvalidInput/heaac_dmp__stub" value_param="(0x29cd370a9a pointing to &quot;heaac.dmp&quot;, true)" file="../../starboard/shared/starboard/player/filter/testing/audio_decoder_test.cc" line="567" status="run" result="completed" time="0.016" timestamp="2392-07-09T13:17:46.832" classname="AudioDecoderTests/AudioDecoderTest" />
    <testcase name="EndOfStreamWithoutAnyInput/beneath_the_canopy_aac_stereo_dmp__stub" value_param="(0x29cd365daa pointing to &quot;beneath_the_canopy_aac_stereo.dmp&quot;, true)" file="../../starboard/shared/starboard/player/filter/testing/audio_decoder_test.cc" line="613" status="run" result="completed" time="0.001" timestamp="2392-07-09T13:17:46.850" classname="AudioDecoderTests/AudioDecoderTest" />
    <testcase name="EndOfStreamWithoutAnyInput/beneath_the_canopy_aac_5_1_dmp__stub" value_param="(0x29cd360ee1 pointing to &quot;beneath_the_canopy_aac_5_1.dmp&quot;, true)" file="../../starboard/shared/starboard/player/filter/testing/audio_decoder_test.cc" line="613" status="run" result="completed" time="0.001" timestamp="2392-07-09T13:17:46.855" classname="AudioDecoderTests/AudioDecoderTest" />
    <testcase name="EndOfStreamWithoutAnyInput/beneath_the_canopy_aac_mono_dmp__stub" value_param="(0x29cd370a7a pointing to &quot;beneath_the_canopy_aac_mono.dmp&quot;, true)" file="../../starboard/shared/starboard/player/filter/testing/audio_decoder_test.cc" line="613" status="run" result="completed" time="0.001" timestamp="2392-07-09T13:17:46.859" classname="AudioDecoderTests/AudioDecoderTest" />
    <testcase name="EndOfStreamWithoutAnyInput/beneath_the_canopy_opus_5_1_dmp__stub" value_param="(0x29cd35f778 pointing to &quot;beneath_the_canopy_opus_5_1.dmp&quot;, true)" file="../../starboard/shared/starboard/player/filter/testing/audio_decoder_test.cc" line="613" status="run" result="completed" time="0.001" timestamp="2392-07-09T13:17:46.863" classname="AudioDecoderTests/AudioDecoderTest" />
    <testcase name="EndOfStreamWithoutAnyInput/beneath_the_canopy_opus_stereo_dmp__stub" value_param="(0x29cd35b5ab pointing to &quot;beneath_the_canopy_opus_stereo.dmp&quot;, true)" file="../../starboard/shared/starboard/player/filter/testing/audio_decoder_test.cc" line="613" status="run" result="completed" time="0.001" timestamp="2392-07-09T13:17:46.867" classname="AudioDecoderTests/AudioDecoderTest" />
    <testcase name="EndOfStreamWithoutAnyInput/beneath_the_canopy_opus_mono_dmp__stub" value_param="(0x29cd36a9bd pointing to &quot;beneath_the_canopy_opus_mono.dmp&quot;, true)" file="../../starboard/shared/starboard/player/filter/testing/audio_decoder_test.cc" line="613" status="run" result="completed" time="0.001" timestamp="2392-07-09T13:17:46.871" classname="AudioDecoderTests/AudioDecoderTest" />
    <testcase name="EndOfStreamWithoutAnyInput/heaac_dmp__stub" value_param="(0x29cd370a9a pointing to &quot;heaac.dmp&quot;, true)" file="../../starboard/shared/starboard/player/filter/testing/audio_decoder_test.cc" line="613" status="run" result="completed" time="0.001" timestamp="2392-07-09T13:17:46.875" classname="AudioDecoderTests/AudioDecoderTest" />
    <testcase name="ResetBeforeInput/beneath_the_canopy_aac_stereo_dmp__stub" value_param="(0x29cd365daa pointing to &quot;beneath_the_canopy_aac_stereo.dmp&quot;, true)" file="../../starboard/shared/starboard/player/filter/testing/audio_decoder_test.cc" line="621" status="run" result="completed" time="0.016" timestamp="2392-07-09T13:17:46.879" classname="AudioDecoderTests/AudioDecoderTest" />
    <testcase name="ResetBeforeInput/beneath_the_canopy_aac_5_1_dmp__stub" value_param="(0x29cd360ee1 pointing to &quot;beneath_the_canopy_aac_5_1.dmp&quot;, true)" file="../../starboard/shared/starboard/player/filter/testing/audio_decoder_test.cc" line="621" status="run" result="completed" time="0.017" timestamp="2392-07-09T13:17:46.897" classname="AudioDecoderTests/AudioDecoderTest" />
    <testcase name="ResetBeforeInput/beneath_the_canopy_aac_mono_dmp__stub" value_param="(0x29cd370a7a pointing to &quot;beneath_the_canopy_aac_mono.dmp&quot;, true)" file="../../starboard/shared/starboard/player/filter/testing/audio_decoder_test.cc" line="621" status="run" result="completed" time="0.016" timestamp="2392-07-09T13:17:46.916" classname="AudioDecoderTests/AudioDecoderTest" />
    <testcase name="ResetBeforeInput/beneath_the_canopy_opus_5_1_dmp__stub" value_param="(0x29cd35f778 pointing to &quot;beneath_the_canopy_opus_5_1.dmp&quot;, true)" file="../../starboard/shared/starboard/player/filter/testing/audio_decoder_test.cc" line="621" status="run" result="completed" time="0.014" timestamp="2392-07-09T13:17:46.935" classname="AudioDecoderTests/AudioDecoderTest" />
    <testcase name="ResetBeforeInput/beneath_the_canopy_opus_stereo_dmp__stub" value_param="(0x29cd35b5ab pointing to &quot;beneath_the_canopy_opus_stereo.dmp&quot;, true)" file="../../starboard/shared/starboard/player/filter/testing/audio_decoder_test.cc" line="621" status="run" result="completed" time="0.014" timestamp="2392-07-09T13:17:46.952" classname="AudioDecoderTests/AudioDecoderTest" />
    <testcase name="ResetBeforeInput/beneath_the_canopy_opus_mono_dmp__stub" value_param="(0x29cd36a9bd pointing to &quot;beneath_the_canopy_opus_mono.dmp&quot;, true)" file="../../starboard/shared/starboard/player/filter/testing/audio_decoder_test.cc" line="621" status="run" result="completed" time="0.016" timestamp="2392-07-09T13:17:46.969" classname="AudioDecoderTests/AudioDecoderTest" />
    <testcase name="ResetBeforeInput/heaac_dmp__stub" value_param="(0x29cd370a9a pointing to &quot;heaac.dmp&quot;, true)" file="../../starboard/shared/starboard/player/filter/testing/audio_decoder_test.cc" line="621" status="run" result="completed" time="0.016" timestamp="2392-07-09T13:17:46.988" classname="AudioDecoderTests/AudioDecoderTest" />
    <testcase name="MultipleInputs/beneath_the_canopy_aac_stereo_dmp__stub" value_param="(0x29cd365daa pointing to &quot;beneath_the_canopy_aac_stereo.dmp&quot;, true)" file="../../starboard/shared/starboard/player/filter/testing/audio_decoder_test.cc" line="632" status="run" result="completed" time="0.02" timestamp="2392-07-09T13:17:47.007" classname="AudioDecoderTests/AudioDecoderTest" />
    <testcase name="MultipleInputs/beneath_the_canopy_aac_5_1_dmp__stub" value_param="(0x29cd360ee1 pointing to &quot;beneath_the_canopy_aac_5_1.dmp&quot;, true)" file="../../starboard/shared/starboard/player/filter/testing/audio_decoder_test.cc" line="632" status="run" result="completed" time="0.021" timestamp="2392-07-09T13:17:47.030" classname="AudioDecoderTests/AudioDecoderTest" />
[...]
    <testcase name="SingleInput/black_test_avc_1080p_30to60_fps_dmp_Punchout" value_param="((0x29cd3753ac pointing to &quot;black_test_avc_1080p_30to60_fps.dmp&quot;, 1), false)" file="../../starboard/shared/starboard/player/filter/testing/video_decoder_test.cc" line="200" status="run" result="completed" time="0.087" timestamp="2392-07-09T13:20:45.589" classname="VideoDecoderTests/VideoDecoderTest" />
    <testcase name="SingleInvalidKeyFrame/beneath_the_canopy_137_avc_dmp_DecodeToTexture" value_param="((0x29cd36a9de pointing to &quot;beneath_the_canopy_137_avc.dmp&quot;, 0), false)" file="../../starboard/shared/starboard/player/filter/testing/video_decoder_test.cc" line="218" status="run" result="completed" time="0.085" timestamp="2392-07-09T13:20:45.679" classname="VideoDecoderTests/VideoDecoderTest" />
    <testcase name="SingleInvalidKeyFrame/beneath_the_canopy_137_avc_dmp_Punchout" value_param="((0x29cd36a9de pointing to &quot;beneath_the_canopy_137_avc.dmp&quot;, 1), false)" file="../../starboard/shared/starboard/player/filter/testing/video_decoder_test.cc" line="218" status="run" result="completed" time="0.089" timestamp="2392-07-09T13:20:45.767" classname="VideoDecoderTests/VideoDecoderTest" />
    <testcase name="SingleInvalidKeyFrame/beneath_the_canopy_248_vp9_dmp_DecodeToTexture" value_param="((0x29cd35b5ce pointing to &quot;beneath_the_canopy_248_vp9.dmp&quot;, 0), false)" file="../../starboard/shared/starboard/player/filter/testing/video_decoder_test.cc" line="218" status="run" result="completed" time="0.082" timestamp="2392-07-09T13:20:45.859" classname="VideoDecoderTests/VideoDecoderTest" />
    <testcase name="SingleInvalidKeyFrame/beneath_the_canopy_248_vp9_dmp_Punchout" value_param="((0x29cd35b5ce pointing to &quot;beneath_the_canopy_248_vp9.dmp&quot;, 1), false)" file="../../starboard/shared/starboard/player/filter/testing/video_decoder_test.cc" line="218" status="run" result="completed" time="0.085" timestamp="2392-07-09T13:20:45.943" classname="VideoDecoderTests/VideoDecoderTest" />
    <testcase name="SingleInvalidKeyFrame/black_test_avc_1080p_30to60_fps_dmp_DecodeToTexture" value_param="((0x29cd3753ac pointing to &quot;black_test_avc_1080p_30to60_fps.dmp&quot;, 0), false)" file="../../starboard/shared/starboard/player/filter/testing/video_decoder_test.cc" line="218" status="run" result="completed" time="0.075" timestamp="2392-07-09T13:20:46.031" classname="VideoDecoderTests/VideoDecoderTest" />
    <testcase name="SingleInvalidKeyFrame/black_test_avc_1080p_30to60_fps_dmp_Punchout" value_param="((0x29cd3753ac pointing to &quot;black_test_avc_1080p_30to60_fps.dmp&quot;, 1), false)" file="../../starboard/shared/starboard/player/filter/testing/video_decoder_test.cc" line="218" status="run" result="completed" time="0.081" timestamp="2392-07-09T13:20:46.109" classname="VideoDecoderTests/VideoDecoderTest" />
    <testcase name="EndOfStreamWithoutAnyInput/beneath_the_canopy_137_avc_dmp_DecodeToTexture" value_param="((0x29cd36a9de pointing to &quot;beneath_the_canopy_137_avc.dmp&quot;, 0), false)" file="../../starboard/shared/starboard/player/filter/testing/video_decoder_test.cc" line="309" status="run" result="completed" time="0.08" timestamp="2392-07-09T13:20:46.193" classname="VideoDecoderTests/VideoDecoderTest" />
    <testcase name="EndOfStreamWithoutAnyInput/beneath_the_canopy_137_avc_dmp_Punchout" value_param="((0x29cd36a9de pointing to &quot;beneath_the_canopy_137_avc.dmp&quot;, 1), false)" file="../../starboard/shared/starboard/player/filter/testing/video_decoder_test.cc" line="309" status="run" result="completed" time="0.084" timestamp="2392-07-09T13:20:46.276" classname="VideoDecoderTests/VideoDecoderTest" />
    <testcase name="EndOfStreamWithoutAnyInput/beneath_the_canopy_248_vp9_dmp_DecodeToTexture" value_param="((0x29cd35b5ce pointing to &quot;beneath_the_canopy_248_vp9.dmp&quot;, 0), false)" file="../../starboard/shared/starboard/player/filter/testing/video_decoder_test.cc" line="309" status="run" result="completed" time="0.079" timestamp="2392-07-09T13:20:46.363" classname="VideoDecoderTests/VideoDecoderTest" />
    <testcase name="EndOfStreamWithoutAnyInput/beneath_the_canopy_248_vp9_dmp_Punchout" value_param="((0x29cd35b5ce pointing to &quot;beneath_the_canopy_248_vp9.dmp&quot;, 1), false)" file="../../starboard/shared/starboard/player/filter/testing/video_decoder_test.cc" line="309" status="run" result="completed" time="0.077" timestamp="2392-07-09T13:20:46.445" classname="VideoDecoderTests/VideoDecoderTest" />
    <testcase name="EndOfStreamWithoutAnyInput/black_test_avc_1080p_30to60_fps_dmp_DecodeToTexture" value_param="((0x29cd3753ac pointing to &quot;black_test_avc_1080p_30to60_fps.dmp&quot;, 0), false)" file="../../starboard/shared/starboard/player/filter/testing/video_decoder_test.cc" line="309" status="run" result="completed" time="0.072" timestamp="2392-07-09T13:20:46.525" classname="VideoDecoderTests/VideoDecoderTest" />
    <testcase name="EndOfStreamWithoutAnyInput/black_test_avc_1080p_30to60_fps_dmp_Punchout" value_param="((0x29cd3753ac pointing to &quot;black_test_avc_1080p_30to60_fps.dmp&quot;, 1), false)" file="../../starboard/shared/starboard/player/filter/testing/video_decoder_test.cc" line="309" status="run" result="completed" time="0.072" timestamp="2392-07-09T13:20:46.600" classname="VideoDecoderTests/VideoDecoderTest" />
    <testcase name="ResetBeforeInput/beneath_the_canopy_137_avc_dmp_DecodeToTexture" value_param="((0x29cd36a9de pointing to &quot;beneath_the_canopy_137_avc.dmp&quot;, 0), false)" file="../../starboard/shared/starboard/player/filter/testing/video_decoder_test.cc" line="314" status="run" result="completed" time="0.139" timestamp="2392-07-09T13:20:46.675" classname="VideoDecoderTests/VideoDecoderTest" />
    <testcase name="ResetBeforeInput/beneath_the_canopy_137_avc_dmp_Punchout" value_param="((0x29cd36a9de pointing to &quot;beneath_the_canopy_137_avc.dmp&quot;, 1), false)" file="../../starboard/shared/starboard/player/filter/testing/video_decoder_test.cc" line="314" status="run" result="completed" time="0.139" timestamp="2392-07-09T13:20:46.816" classname="VideoDecoderTests/VideoDecoderTest" />
    <testcase name="ResetBeforeInput/beneath_the_canopy_248_vp9_dmp_DecodeToTexture" value_param="((0x29cd35b5ce pointing to &quot;beneath_the_canopy_248_vp9.dmp&quot;, 0), false)" file="../../starboard/shared/starboard/player/filter/testing/video_decoder_test.cc" line="314" status="run" result="completed" time="0.135" timestamp="2392-07-09T13:20:46.958" classname="VideoDecoderTests/VideoDecoderTest" />
    <testcase name="ResetBeforeInput/beneath_the_canopy_248_vp9_dmp_Punchout" value_param="((0x29cd35b5ce pointing to &quot;beneath_the_canopy_248_vp9.dmp&quot;, 1), false)" file="../../starboard/shared/starboard/player/filter/testing/video_decoder_test.cc" line="314" status="run" result="completed" time="0.145" timestamp="2392-07-09T13:20:47.095" classname="VideoDecoderTests/VideoDecoderTest" />
    <testcase name="ResetBeforeInput/black_test_avc_1080p_30to60_fps_dmp_DecodeToTexture" value_param="((0x29cd3753ac pointing to &quot;black_test_avc_1080p_30to60_fps.dmp&quot;, 0), false)" file="../../starboard/shared/starboard/player/filter/testing/video_decoder_test.cc" line="314" status="run" result="completed" time="0.129" timestamp="2392-07-09T13:20:47.243" classname="VideoDecoderTests/VideoDecoderTest" />
    <testcase name="ResetBeforeInput/black_test_avc_1080p_30to60_fps_dmp_Punchout" value_param="((0x29cd3753ac pointing to &quot;black_test_avc_1080p_30to60_fps.dmp&quot;, 1), false)" file="../../starboard/shared/starboard/player/filter/testing/video_decoder_test.cc" line="314" status="run" result="completed" time="0.13" timestamp="2392-07-09T13:20:47.375" classname="VideoDecoderTests/VideoDecoderTest" />
    <testcase name="ResetAfterInput/beneath_the_canopy_137_avc_dmp_DecodeToTexture" value_param="((0x29cd36a9de pointing to &quot;beneath_the_canopy_137_avc.dmp&quot;, 0), false)" file="../../starboard/shared/starboard/player/filter/testing/video_decoder_test.cc" line="324" status="run" result="completed" time="0.198" timestamp="2392-07-09T13:20:47.508" classname="VideoDecoderTests/VideoDecoderTest" />
    <testcase name="ResetAfterInput/beneath_the_canopy_137_avc_dmp_Punchout" value_param="((0x29cd36a9de pointing to &quot;beneath_the_canopy_137_avc.dmp&quot;, 1), false)" file="../../starboard/shared/starboard/player/filter/testing/video_decoder_test.cc" line="324" status="run" result="completed" time="0.097" timestamp="2392-07-09T13:20:47.709" classname="VideoDecoderTests/VideoDecoderTest" />
    <testcase name="ResetAfterInput/beneath_the_canopy_248_vp9_dmp_DecodeToTexture" value_param="((0x29cd35b5ce pointing to &quot;beneath_the_canopy_248_vp9.dmp&quot;, 0), false)" file="../../starboard/shared/starboard/player/filter/testing/video_decoder_test.cc" line="324" status="run" result="completed" time="0.196" timestamp="2392-07-09T13:20:47.809" classname="VideoDecoderTests/VideoDecoderTest" />
    <testcase name="ResetAfterInput/beneath_the_canopy_248_vp9_dmp_Punchout" value_param="((0x29cd35b5ce pointing to &quot;beneath_the_canopy_248_vp9.dmp&quot;, 1), false)" file="../../starboard/shared/starboard/player/filter/testing/video_decoder_test.cc" line="324" status="run" result="completed" time="0.198" timestamp="2392-07-09T13:20:48.008" classname="VideoDecoderTests/VideoDecoderTest" />
    <testcase name="ResetAfterInput/black_test_avc_1080p_30to60_fps_dmp_DecodeToTexture" value_param="((0x29cd3753ac pointing to &quot;black_test_avc_1080p_30to60_fps.dmp&quot;, 0), false)" file="../../starboard/shared/starboard/player/filter/testing/video_decoder_test.cc" line="324" status="run" result="completed" time="0.085" timestamp="2392-07-09T13:20:48.208" classname="VideoDecoderTests/VideoDecoderTest" />
    <testcase name="ResetAfterInput/black_test_avc_1080p_30to60_fps_dmp_Punchout" value_param="((0x29cd3753ac pointing to &quot;black_test_avc_1080p_30to60_fps.dmp&quot;, 1), false)" file="../../starboard/shared/starboard/player/filter/testing/video_decoder_test.cc" line="324" status="run" result="completed" time="0.082" timestamp="2392-07-09T13:20:48.296" classname="VideoDecoderTests/VideoDecoderTest" />
    <testcase name="MultipleResets/beneath_the_canopy_137_avc_dmp_DecodeToTexture" value_param="((0x29cd36a9de pointing to &quot;beneath_the_canopy_137_avc.dmp&quot;, 0), false)" file="../../starboard/shared/starboard/player/filter/testing/video_decoder_test.cc" line="347" status="run" result="completed" time="1.414" timestamp="2392-07-09T13:20:48.381" classname="VideoDecoderTests/VideoDecoderTest" />
    <testcase name="MultipleResets/beneath_the_canopy_137_avc_dmp_Punchout" value_param="((0x29cd36a9de pointing to &quot;beneath_the_canopy_137_avc.dmp&quot;, 1), false)" file="../../starboard/shared/starboard/player/filter/testing/video_decoder_test.cc" line="347" status="run" result="completed" time="1.315" timestamp="2392-07-09T13:20:49.799" classname="VideoDecoderTests/VideoDecoderTest" />
    <testcase name="MultipleResets/beneath_the_canopy_248_vp9_dmp_DecodeToTexture" value_param="((0x29cd35b5ce pointing to &quot;beneath_the_canopy_248_vp9.dmp&quot;, 0), false)" file="../../starboard/shared/starboard/player/filter/testing/video_decoder_test.cc" line="347" status="run" result="completed" time="1.106" timestamp="2392-07-09T13:20:51.117" classname="VideoDecoderTests/VideoDecoderTest" />
    <testcase name="MultipleResets/beneath_the_canopy_248_vp9_dmp_Punchout" value_param="((0x29cd35b5ce pointing to &quot;beneath_the_canopy_248_vp9.dmp&quot;, 1), false)" file="../../starboard/shared/starboard/player/filter/testing/video_decoder_test.cc" line="347" status="run" result="completed" time="1.352" timestamp="2392-07-09T13:20:52.225" classname="VideoDecoderTests/VideoDecoderTest" />
    <testcase name="MultipleResets/black_test_avc_1080p_30to60_fps_dmp_DecodeToTexture" value_param="((0x29cd3753ac pointing to &quot;black_test_avc_1080p_30to60_fps.dmp&quot;, 0), false)" file="../../starboard/shared/starboard/player/filter/testing/video_decoder_test.cc" line="347" status="run" result="completed" time="0.129" timestamp="2392-07-09T13:20:53.580" classname="VideoDecoderTests/VideoDecoderTest" />
    <testcase name="MultipleResets/black_test_avc_1080p_30to60_fps_dmp_Punchout" value_param="((0x29cd3753ac pointing to &quot;black_test_avc_1080p_30to60_fps.dmp&quot;, 1), false)" file="../../starboard/shared/starboard/player/filter/testing/video_decoder_test.cc" line="347" status="run" result="completed" time="0.129" timestamp="2392-07-09T13:20:53.712" classname="VideoDecoderTests/VideoDecoderTest" />
    <testcase name="MultipleInputs/beneath_the_canopy_137_avc_dmp_DecodeToTexture" value_param="((0x29cd36a9de pointing to &quot;beneath_the_canopy_137_avc.dmp&quot;, 0), false)" file="../../starboard/shared/starboard/player/filter/testing/video_decoder_test.cc" line="377" status="run" result="completed" time="0.109" timestamp="2392-07-09T13:20:53.844" classname="VideoDecoderTests/VideoDecoderTest" />
    <testcase name="MultipleInputs/beneath_the_canopy_137_avc_dmp_Punchout" value_param="((0x29cd36a9de pointing to &quot;beneath_the_canopy_137_avc.dmp&quot;, 1), false)" file="../../starboard/shared/starboard/player/filter/testing/video_decoder_test.cc" line="377" status="run" result="completed" time="0.112" timestamp="2392-07-09T13:20:53.956" classname="VideoDecoderTests/VideoDecoderTest" />
    <testcase name="MultipleInputs/beneath_the_canopy_248_vp9_dmp_DecodeToTexture" value_param="((0x29cd35b5ce pointing to &quot;beneath_the_canopy_248_vp9.dmp&quot;, 0), false)" file="../../starboard/shared/starboard/player/filter/testing/video_decoder_test.cc" line="377" status="run" result="completed" time="0.106" timestamp="2392-07-09T13:20:54.071" classname="VideoDecoderTests/VideoDecoderTest" />
    <testcase name="MultipleInputs/beneath_the_canopy_248_vp9_dmp_Punchout" value_param="((0x29cd35b5ce pointing to &quot;beneath_the_canopy_248_vp9.dmp&quot;, 1), false)" file="../../starboard/shared/starboard/player/filter/testing/video_decoder_test.cc" line="377" status="run" result="completed" time="0.114" timestamp="2392-07-09T13:20:54.180" classname="VideoDecoderTests/VideoDecoderTest" />
    <testcase name="MultipleInputs/black_test_avc_1080p_30to60_fps_dmp_DecodeToTexture" value_param="((0x29cd3753ac pointing to &quot;black_test_avc_1080p_30to60_fps.dmp&quot;, 0), false)" file="../../starboard/shared/starboard/player/filter/testing/video_decoder_test.cc" line="377" status="run" result="completed" time="0.087" timestamp="2392-07-09T13:20:54.297" classname="VideoDecoderTests/VideoDecoderTest" />
    <testcase name="MultipleInputs/black_test_avc_1080p_30to60_fps_dmp_Punchout" value_param="((0x29cd3753ac pointing to &quot;black_test_avc_1080p_30to60_fps.dmp&quot;, 1), false)" file="../../starboard/shared/starboard/player/filter/testing/video_decoder_test.cc" line="377" status="run" result="completed" time="0.093" timestamp="2392-07-09T13:20:54.387" classname="VideoDecoderTests/VideoDecoderTest" />
    <testcase name="Preroll/beneath_the_canopy_137_avc_dmp_DecodeToTexture" value_param="((0x29cd36a9de pointing to &quot;beneath_the_canopy_137_avc.dmp&quot;, 0), false)" file="../../starboard/shared/starboard/player/filter/testing/video_decoder_test.cc" line="404" status="run" result="completed" time="0.124" timestamp="2392-07-09T13:20:54.482" classname="VideoDecoderTests/VideoDecoderTest" />
    <testcase name="Preroll/beneath_the_canopy_137_avc_dmp_Punchout" value_param="((0x29cd36a9de pointing to &quot;beneath_the_canopy_137_avc.dmp&quot;, 1), false)" file="../../starboard/shared/starboard/player/filter/testing/video_decoder_test.cc" line="404" status="run" result="completed" time="0.128" timestamp="2392-07-09T13:20:54.609" classname="VideoDecoderTests/VideoDecoderTest" />
    <testcase name="Preroll/beneath_the_canopy_248_vp9_dmp_DecodeToTexture" value_param="((0x29cd35b5ce pointing to &quot;beneath_the_canopy_248_vp9.dmp&quot;, 0), false)" file="../../starboard/shared/starboard/player/filter/testing/video_decoder_test.cc" line="404" status="run" result="completed" time="0.11" timestamp="2392-07-09T13:20:54.741" classname="VideoDecoderTests/VideoDecoderTest" />
    <testcase name="Preroll/beneath_the_canopy_248_vp9_dmp_Punchout" value_param="((0x29cd35b5ce pointing to &quot;beneath_the_canopy_248_vp9.dmp&quot;, 1), false)" file="../../starboard/shared/starboard/player/filter/testing/video_decoder_test.cc" line="404" status="run" result="completed" time="0.108" timestamp="2392-07-09T13:20:54.853" classname="VideoDecoderTests/VideoDecoderTest" />
    <testcase name="Preroll/black_test_avc_1080p_30to60_fps_dmp_DecodeToTexture" value_param="((0x29cd3753ac pointing to &quot;black_test_avc_1080p_30to60_fps.dmp&quot;, 0), false)" file="../../starboard/shared/starboard/player/filter/testing/video_decoder_test.cc" line="404" status="run" result="completed" time="0.077" timestamp="2392-07-09T13:20:54.964" classname="VideoDecoderTests/VideoDecoderTest" />
    <testcase name="Preroll/black_test_avc_1080p_30to60_fps_dmp_Punchout" value_param="((0x29cd3753ac pointing to &quot;black_test_avc_1080p_30to60_fps.dmp&quot;, 1), false)" file="../../starboard/shared/starboard/player/filter/testing/video_decoder_test.cc" line="404" status="run" result="completed" time="0.07" timestamp="2392-07-09T13:20:55.044" classname="VideoDecoderTests/VideoDecoderTest" />
    <testcase name="DecodeFullGOP/beneath_the_canopy_137_avc_dmp_DecodeToTexture" value_param="((0x29cd36a9de pointing to &quot;beneath_the_canopy_137_avc.dmp&quot;, 0), false)" file="../../starboard/shared/starboard/player/filter/testing/video_decoder_test.cc" line="463" status="run" result="completed" time="0.58" timestamp="2392-07-09T13:20:55.117" classname="VideoDecoderTests/VideoDecoderTest" />
    <testcase name="DecodeFullGOP/beneath_the_canopy_137_avc_dmp_Punchout" value_param="((0x29cd36a9de pointing to &quot;beneath_the_canopy_137_avc.dmp&quot;, 1), false)" file="../../starboard/shared/starboard/player/filter/testing/video_decoder_test.cc" line="463" status="run" result="completed" time="0.584" timestamp="2392-07-09T13:20:55.699" classname="VideoDecoderTests/VideoDecoderTest" />
    <testcase name="DecodeFullGOP/beneath_the_canopy_248_vp9_dmp_DecodeToTexture" value_param="((0x29cd35b5ce pointing to &quot;beneath_the_canopy_248_vp9.dmp&quot;, 0), false)" file="../../starboard/shared/starboard/player/filter/testing/video_decoder_test.cc" line="463" status="run" result="completed" time="0.392" timestamp="2392-07-09T13:20:56.286" classname="VideoDecoderTests/VideoDecoderTest" />
    <testcase name="DecodeFullGOP/beneath_the_canopy_248_vp9_dmp_Punchout" value_param="((0x29cd35b5ce pointing to &quot;beneath_the_canopy_248_vp9.dmp&quot;, 1), false)" file="../../starboard/shared/starboard/player/filter/testing/video_decoder_test.cc" line="463" status="run" result="completed" time="0.386" timestamp="2392-07-09T13:20:56.681" classname="VideoDecoderTests/VideoDecoderTest" />
    <testcase name="DecodeFullGOP/black_test_avc_1080p_30to60_fps_dmp_DecodeToTexture" value_param="((0x29cd3753ac pointing to &quot;black_test_avc_1080p_30to60_fps.dmp&quot;, 0), false)" file="../../starboard/shared/starboard/player/filter/testing/video_decoder_test.cc" line="463" status="run" result="completed" time="0.089" timestamp="2392-07-09T13:20:57.070" classname="VideoDecoderTests/VideoDecoderTest" />
    <testcase name="DecodeFullGOP/black_test_avc_1080p_30to60_fps_dmp_Punchout" value_param="((0x29cd3753ac pointing to &quot;black_test_avc_1080p_30to60_fps.dmp&quot;, 1), false)" file="../../starboard/shared/starboard/player/filter/testing/video_decoder_test.cc" line="463" status="run" result="completed" time="0.087" timestamp="2392-07-09T13:20:57.162" classname="VideoDecoderTests/VideoDecoderTest" />
  </testsuite>
</testsuites>
