<?xml version="1.0" encoding="UTF-8"?>
<testsuites tests="1" failures="0" disabled="0" errors="0" time="0.012" timestamp="2392-07-09T13:11:12.055" name="AllTests">
  <testsuite name="PowWrapperTest" tests="1" failures="0" disabled="0" skipped="0" errors="0" time="0.002" timestamp="2392-07-09T13:11:12.060">
    <testcase name="SunnyDay" file="../../starboard/client_porting/cwrappers/pow_wrapper_test.cc" line="24" status="run" result="completed" time="0" timestamp="2392-07-09T13:11:12.061" classname="PowWrapperTest" />
  </testsuite>
</testsuites>
