<?xml version="1.0" encoding="UTF-8"?>
<testsuites tests="3" failures="0" disabled="0" errors="0" time="0.017" timestamp="2392-07-09T13:15:36.615" name="AllTests">
  <testsuite name="IsPrivateRange" tests="2" failures="0" disabled="0" skipped="0" errors="0" time="0.004" timestamp="2392-07-09T13:15:36.619">
    <testcase name="v4" file="../../cobalt/network/local_network_test.cc" line="36" status="run" result="completed" time="0" timestamp="2392-07-09T13:15:36.620" classname="IsPrivateRange" />
    <testcase name="v6" file="../../cobalt/network/local_network_test.cc" line="48" status="run" result="completed" time="0" timestamp="2392-07-09T13:15:36.622" classname="IsPrivateRange" />
  </testsuite>
  <testsuite name="PersistentCookieStoreTest" tests="1" failures="0" disabled="0" skipped="0" errors="0" time="0.004" timestamp="2392-07-09T13:15:36.625">
    <testcase name="LoadGetsAddedCookies" file="../../cobalt/network/persistent_cookie_store_test.cc" line="130" status="run" result="completed" time="0.002" timestamp="2392-07-09T13:15:36.627" classname="PersistentCookieStoreTest" />
  </testsuite>
</testsuites>
