<?xml version="1.0" encoding="UTF-8"?>
<testsuites tests="3" failures="0" disabled="0" errors="0" time="0.012" timestamp="2392-07-09T13:16:41.046" name="AllTests">
  <testsuite name="FreeScrollingNavItemTest" tests="3" failures="0" disabled="0" skipped="0" errors="0" time="0.007" timestamp="2392-07-09T13:16:41.050">
    <testcase name="GetFractionOfCurrentProgressTest" file="../../cobalt/ui_navigation/scroll_engine/free_scrolling_nav_item_test.cc" line="52" status="run" result="completed" time="0" timestamp="2392-07-09T13:16:41.051" classname="FreeScrollingNavItemTest" />
    <testcase name="AnimationIsCompleteTest" file="../../cobalt/ui_navigation/scroll_engine/free_scrolling_nav_item_test.cc" line="62" status="run" result="completed" time="0" timestamp="2392-07-09T13:16:41.053" classname="FreeScrollingNavItemTest" />
    <testcase name="GetCurrentOffsetTest" file="../../cobalt/ui_navigation/scroll_engine/free_scrolling_nav_item_test.cc" line="70" status="run" result="completed" time="0" timestamp="2392-07-09T13:16:41.056" classname="FreeScrollingNavItemTest" />
  </testsuite>
</testsuites>
